WARNING - 2025-12-22 03:50:26 --> [DEPRECATED] Creation of dynamic property Config\MongoConfig::$db is deprecated in APPPATH\Libraries\Mongo.php on line 69.
 1 APPPATH\Models\CommonModel.php(19): App\Libraries\Mongo->__construct('default')
 2 SYSTEMPATH\Config\Factories.php(236): App\Models\CommonModel->__construct(null)
 3 SYSTEMPATH\Config\Factories.php(170): CodeIgniter\Config\Factories::createInstance('models', 'App\\Models\\CommonModel', [...])
 4 SYSTEMPATH\Common.php(833): CodeIgniter\Config\Factories::__callStatic('models', [...])
 5 APPPATH\Controllers\Home.php(9): model('CommonModel')
 6 SYSTEMPATH\CodeIgniter.php(933): App\Controllers\Home->index()
 7 SYSTEMPATH\CodeIgniter.php(507): CodeIgniter\CodeIgniter->runController(Object(App\Controllers\Home))
 8 SYSTEMPATH\CodeIgniter.php(354): CodeIgniter\CodeIgniter->handleRequest(null, Object(Config\Cache), false)
 9 SYSTEMPATH\Boot.php(363): CodeIgniter\CodeIgniter->run()
10 SYSTEMPATH\Boot.php(68): CodeIgniter\Boot::runCodeIgniter(Object(CodeIgniter\CodeIgniter))
11 FCPATH\index.php(59): CodeIgniter\Boot::bootWeb(Object(Config\Paths))
WARNING - 2025-12-22 03:50:26 --> [DEPRECATED] Creation of dynamic property Config\MongoConfig::$prefix is deprecated in APPPATH\Libraries\Mongo.php on line 70.
 1 APPPATH\Models\CommonModel.php(19): App\Libraries\Mongo->__construct('default')
 2 SYSTEMPATH\Config\Factories.php(236): App\Models\CommonModel->__construct(null)
 3 SYSTEMPATH\Config\Factories.php(170): CodeIgniter\Config\Factories::createInstance('models', 'App\\Models\\CommonModel', [...])
 4 SYSTEMPATH\Common.php(833): CodeIgniter\Config\Factories::__callStatic('models', [...])
 5 APPPATH\Controllers\Home.php(9): model('CommonModel')
 6 SYSTEMPATH\CodeIgniter.php(933): App\Controllers\Home->index()
 7 SYSTEMPATH\CodeIgniter.php(507): CodeIgniter\CodeIgniter->runController(Object(App\Controllers\Home))
 8 SYSTEMPATH\CodeIgniter.php(354): CodeIgniter\CodeIgniter->handleRequest(null, Object(Config\Cache), false)
 9 SYSTEMPATH\Boot.php(363): CodeIgniter\CodeIgniter->run()
10 SYSTEMPATH\Boot.php(68): CodeIgniter\Boot::runCodeIgniter(Object(CodeIgniter\CodeIgniter))
11 FCPATH\index.php(59): CodeIgniter\Boot::bootWeb(Object(Config\Paths))
WARNING - 2025-12-22 03:52:34 --> [DEPRECATED] Creation of dynamic property Config\MongoConfig::$db is deprecated in APPPATH\Libraries\Mongo.php on line 69.
 1 APPPATH\Models\CommonModel.php(19): App\Libraries\Mongo->__construct('default')
 2 SYSTEMPATH\Config\Factories.php(236): App\Models\CommonModel->__construct(null)
 3 SYSTEMPATH\Config\Factories.php(170): CodeIgniter\Config\Factories::createInstance('models', 'App\\Models\\CommonModel', [...])
 4 SYSTEMPATH\Common.php(833): CodeIgniter\Config\Factories::__callStatic('models', [...])
 5 APPPATH\Controllers\Home.php(9): model('CommonModel')
 6 SYSTEMPATH\CodeIgniter.php(933): App\Controllers\Home->index()
 7 SYSTEMPATH\CodeIgniter.php(507): CodeIgniter\CodeIgniter->runController(Object(App\Controllers\Home))
 8 SYSTEMPATH\CodeIgniter.php(354): CodeIgniter\CodeIgniter->handleRequest(null, Object(Config\Cache), false)
 9 SYSTEMPATH\Boot.php(363): CodeIgniter\CodeIgniter->run()
10 SYSTEMPATH\Boot.php(68): CodeIgniter\Boot::runCodeIgniter(Object(CodeIgniter\CodeIgniter))
11 FCPATH\index.php(59): CodeIgniter\Boot::bootWeb(Object(Config\Paths))
WARNING - 2025-12-22 03:52:34 --> [DEPRECATED] Creation of dynamic property Config\MongoConfig::$prefix is deprecated in APPPATH\Libraries\Mongo.php on line 70.
 1 APPPATH\Models\CommonModel.php(19): App\Libraries\Mongo->__construct('default')
 2 SYSTEMPATH\Config\Factories.php(236): App\Models\CommonModel->__construct(null)
 3 SYSTEMPATH\Config\Factories.php(170): CodeIgniter\Config\Factories::createInstance('models', 'App\\Models\\CommonModel', [...])
 4 SYSTEMPATH\Common.php(833): CodeIgniter\Config\Factories::__callStatic('models', [...])
 5 APPPATH\Controllers\Home.php(9): model('CommonModel')
 6 SYSTEMPATH\CodeIgniter.php(933): App\Controllers\Home->index()
 7 SYSTEMPATH\CodeIgniter.php(507): CodeIgniter\CodeIgniter->runController(Object(App\Controllers\Home))
 8 SYSTEMPATH\CodeIgniter.php(354): CodeIgniter\CodeIgniter->handleRequest(null, Object(Config\Cache), false)
 9 SYSTEMPATH\Boot.php(363): CodeIgniter\CodeIgniter->run()
10 SYSTEMPATH\Boot.php(68): CodeIgniter\Boot::runCodeIgniter(Object(CodeIgniter\CodeIgniter))
11 FCPATH\index.php(59): CodeIgniter\Boot::bootWeb(Object(Config\Paths))
WARNING - 2025-12-22 04:04:32 --> [DEPRECATED] Creation of dynamic property Config\MongoConfig::$db is deprecated in APPPATH\Libraries\Mongo.php on line 69.
 1 APPPATH\Models\CommonModel.php(19): App\Libraries\Mongo->__construct('default')
 2 SYSTEMPATH\Config\Factories.php(236): App\Models\CommonModel->__construct(null)
 3 SYSTEMPATH\Config\Factories.php(170): CodeIgniter\Config\Factories::createInstance('models', 'App\\Models\\CommonModel', [...])
 4 SYSTEMPATH\Common.php(833): CodeIgniter\Config\Factories::__callStatic('models', [...])
 5 APPPATH\Controllers\Home.php(9): model('CommonModel')
 6 SYSTEMPATH\CodeIgniter.php(933): App\Controllers\Home->index()
 7 SYSTEMPATH\CodeIgniter.php(507): CodeIgniter\CodeIgniter->runController(Object(App\Controllers\Home))
 8 SYSTEMPATH\CodeIgniter.php(354): CodeIgniter\CodeIgniter->handleRequest(null, Object(Config\Cache), false)
 9 SYSTEMPATH\Boot.php(363): CodeIgniter\CodeIgniter->run()
10 SYSTEMPATH\Boot.php(68): CodeIgniter\Boot::runCodeIgniter(Object(CodeIgniter\CodeIgniter))
11 FCPATH\index.php(59): CodeIgniter\Boot::bootWeb(Object(Config\Paths))
WARNING - 2025-12-22 04:04:32 --> [DEPRECATED] Creation of dynamic property Config\MongoConfig::$prefix is deprecated in APPPATH\Libraries\Mongo.php on line 70.
 1 APPPATH\Models\CommonModel.php(19): App\Libraries\Mongo->__construct('default')
 2 SYSTEMPATH\Config\Factories.php(236): App\Models\CommonModel->__construct(null)
 3 SYSTEMPATH\Config\Factories.php(170): CodeIgniter\Config\Factories::createInstance('models', 'App\\Models\\CommonModel', [...])
 4 SYSTEMPATH\Common.php(833): CodeIgniter\Config\Factories::__callStatic('models', [...])
 5 APPPATH\Controllers\Home.php(9): model('CommonModel')
 6 SYSTEMPATH\CodeIgniter.php(933): App\Controllers\Home->index()
 7 SYSTEMPATH\CodeIgniter.php(507): CodeIgniter\CodeIgniter->runController(Object(App\Controllers\Home))
 8 SYSTEMPATH\CodeIgniter.php(354): CodeIgniter\CodeIgniter->handleRequest(null, Object(Config\Cache), false)
 9 SYSTEMPATH\Boot.php(363): CodeIgniter\CodeIgniter->run()
10 SYSTEMPATH\Boot.php(68): CodeIgniter\Boot::runCodeIgniter(Object(CodeIgniter\CodeIgniter))
11 FCPATH\index.php(59): CodeIgniter\Boot::bootWeb(Object(Config\Paths))
