CRITICAL - 2025-12-19 09:30:28 --> ErrorException: Undefined property: App\Controllers\Home::$load
[Method: GET, Route: /]
in APPPATH\Controllers\Home.php on line 9.
 1 APPPATH\Controllers\Home.php(9): CodeIgniter\Debug\Exceptions->errorHandler(2, 'Undefined property: App\\Controllers\\Home::$load', 'C:\\xampp8\\htdocs\\project\\app\\Controllers\\Home.php', 9)
 2 SYSTEMPATH\CodeIgniter.php(933): App\Controllers\Home->index()
 3 SYSTEMPATH\CodeIgniter.php(507): CodeIgniter\CodeIgniter->runController(Object(App\Controllers\Home))
 4 SYSTEMPATH\CodeIgniter.php(354): CodeIgniter\CodeIgniter->handleRequest(null, Object(Config\Cache), false)
 5 SYSTEMPATH\Boot.php(363): CodeIgniter\CodeIgniter->run()
 6 SYSTEMPATH\Boot.php(68): CodeIgniter\Boot::runCodeIgniter(Object(CodeIgniter\CodeIgniter))
 7 FCPATH\index.php(59): CodeIgniter\Boot::bootWeb(Object(Config\Paths))
CRITICAL - 2025-12-19 09:34:43 --> ErrorException: Undefined property: App\Controllers\Home::$load
[Method: GET, Route: /]
in APPPATH\Controllers\Home.php on line 9.
 1 APPPATH\Controllers\Home.php(9): CodeIgniter\Debug\Exceptions->errorHandler(2, 'Undefined property: App\\Controllers\\Home::$load', 'C:\\xampp8\\htdocs\\project\\app\\Controllers\\Home.php', 9)
 2 SYSTEMPATH\CodeIgniter.php(933): App\Controllers\Home->index()
 3 SYSTEMPATH\CodeIgniter.php(507): CodeIgniter\CodeIgniter->runController(Object(App\Controllers\Home))
 4 SYSTEMPATH\CodeIgniter.php(354): CodeIgniter\CodeIgniter->handleRequest(null, Object(Config\Cache), false)
 5 SYSTEMPATH\Boot.php(363): CodeIgniter\CodeIgniter->run()
 6 SYSTEMPATH\Boot.php(68): CodeIgniter\Boot::runCodeIgniter(Object(CodeIgniter\CodeIgniter))
 7 FCPATH\index.php(59): CodeIgniter\Boot::bootWeb(Object(Config\Paths))
CRITICAL - 2025-12-19 09:34:44 --> ErrorException: Undefined property: App\Controllers\Home::$load
[Method: GET, Route: /]
in APPPATH\Controllers\Home.php on line 9.
 1 APPPATH\Controllers\Home.php(9): CodeIgniter\Debug\Exceptions->errorHandler(2, 'Undefined property: App\\Controllers\\Home::$load', 'C:\\xampp8\\htdocs\\project\\app\\Controllers\\Home.php', 9)
 2 SYSTEMPATH\CodeIgniter.php(933): App\Controllers\Home->index()
 3 SYSTEMPATH\CodeIgniter.php(507): CodeIgniter\CodeIgniter->runController(Object(App\Controllers\Home))
 4 SYSTEMPATH\CodeIgniter.php(354): CodeIgniter\CodeIgniter->handleRequest(null, Object(Config\Cache), false)
 5 SYSTEMPATH\Boot.php(363): CodeIgniter\CodeIgniter->run()
 6 SYSTEMPATH\Boot.php(68): CodeIgniter\Boot::runCodeIgniter(Object(CodeIgniter\CodeIgniter))
 7 FCPATH\index.php(59): CodeIgniter\Boot::bootWeb(Object(Config\Paths))
CRITICAL - 2025-12-19 09:34:45 --> ErrorException: Undefined property: App\Controllers\Home::$load
[Method: GET, Route: /]
in APPPATH\Controllers\Home.php on line 9.
 1 APPPATH\Controllers\Home.php(9): CodeIgniter\Debug\Exceptions->errorHandler(2, 'Undefined property: App\\Controllers\\Home::$load', 'C:\\xampp8\\htdocs\\project\\app\\Controllers\\Home.php', 9)
 2 SYSTEMPATH\CodeIgniter.php(933): App\Controllers\Home->index()
 3 SYSTEMPATH\CodeIgniter.php(507): CodeIgniter\CodeIgniter->runController(Object(App\Controllers\Home))
 4 SYSTEMPATH\CodeIgniter.php(354): CodeIgniter\CodeIgniter->handleRequest(null, Object(Config\Cache), false)
 5 SYSTEMPATH\Boot.php(363): CodeIgniter\CodeIgniter->run()
 6 SYSTEMPATH\Boot.php(68): CodeIgniter\Boot::runCodeIgniter(Object(CodeIgniter\CodeIgniter))
 7 FCPATH\index.php(59): CodeIgniter\Boot::bootWeb(Object(Config\Paths))
CRITICAL - 2025-12-19 09:35:35 --> ErrorException: Undefined property: App\Controllers\Home::$load
[Method: GET, Route: /]
in APPPATH\Controllers\Home.php on line 9.
 1 APPPATH\Controllers\Home.php(9): CodeIgniter\Debug\Exceptions->errorHandler(2, 'Undefined property: App\\Controllers\\Home::$load', 'C:\\xampp8\\htdocs\\project\\app\\Controllers\\Home.php', 9)
 2 SYSTEMPATH\CodeIgniter.php(933): App\Controllers\Home->index()
 3 SYSTEMPATH\CodeIgniter.php(507): CodeIgniter\CodeIgniter->runController(Object(App\Controllers\Home))
 4 SYSTEMPATH\CodeIgniter.php(354): CodeIgniter\CodeIgniter->handleRequest(null, Object(Config\Cache), false)
 5 SYSTEMPATH\Boot.php(363): CodeIgniter\CodeIgniter->run()
 6 SYSTEMPATH\Boot.php(68): CodeIgniter\Boot::runCodeIgniter(Object(CodeIgniter\CodeIgniter))
 7 FCPATH\index.php(59): CodeIgniter\Boot::bootWeb(Object(Config\Paths))
CRITICAL - 2025-12-19 09:36:11 --> ErrorException: Undefined property: App\Controllers\Home::$load
[Method: GET, Route: /]
in APPPATH\Controllers\Home.php on line 9.
 1 APPPATH\Controllers\Home.php(9): CodeIgniter\Debug\Exceptions->errorHandler(2, 'Undefined property: App\\Controllers\\Home::$load', 'C:\\xampp8\\htdocs\\project\\app\\Controllers\\Home.php', 9)
 2 SYSTEMPATH\CodeIgniter.php(933): App\Controllers\Home->index()
 3 SYSTEMPATH\CodeIgniter.php(507): CodeIgniter\CodeIgniter->runController(Object(App\Controllers\Home))
 4 SYSTEMPATH\CodeIgniter.php(354): CodeIgniter\CodeIgniter->handleRequest(null, Object(Config\Cache), false)
 5 SYSTEMPATH\Boot.php(363): CodeIgniter\CodeIgniter->run()
 6 SYSTEMPATH\Boot.php(68): CodeIgniter\Boot::runCodeIgniter(Object(CodeIgniter\CodeIgniter))
 7 FCPATH\index.php(59): CodeIgniter\Boot::bootWeb(Object(Config\Paths))
CRITICAL - 2025-12-19 09:39:53 --> MongoDB\Driver\Exception\InvalidArgumentException: Failed to parse MongoDB URI: 'mongodb://localhost:/ikon_pos_db'. Invalid host string in URI.
[Method: GET, Route: /]
in VENDORPATH\mongodb\mongodb\src\Client.php on line 143.
 1 VENDORPATH\mongodb\mongodb\src\Client.php(143): MongoDB\Driver\Manager->__construct('mongodb://localhost:/ikon_pos_db', [...], [...])
 2 VENDORPATH\bertugfahriozer\ci4mongodblibrary\app\Libraries\Mongo.php(27): MongoDB\Client->__construct('mongodb://localhost:/ikon_pos_db', [...], [...])
 3 APPPATH\Models\CommonModel.php(17): ci4mongodblibrary\Libraries\Mongo->__construct()
 4 SYSTEMPATH\Config\Factories.php(236): ci4mongodblibrary\Models\CommonModel->__construct(null)
 5 SYSTEMPATH\Config\Factories.php(170): CodeIgniter\Config\Factories::createInstance('models', 'ci4mongodblibrary\\Models\\CommonModel', [...])
 6 SYSTEMPATH\Common.php(833): CodeIgniter\Config\Factories::__callStatic('models', [...])
 7 APPPATH\Controllers\Home.php(9): model('CommonModel')
 8 SYSTEMPATH\CodeIgniter.php(933): App\Controllers\Home->index()
 9 SYSTEMPATH\CodeIgniter.php(507): CodeIgniter\CodeIgniter->runController(Object(App\Controllers\Home))
10 SYSTEMPATH\CodeIgniter.php(354): CodeIgniter\CodeIgniter->handleRequest(null, Object(Config\Cache), false)
11 SYSTEMPATH\Boot.php(363): CodeIgniter\CodeIgniter->run()
12 SYSTEMPATH\Boot.php(68): CodeIgniter\Boot::runCodeIgniter(Object(CodeIgniter\CodeIgniter))
13 FCPATH\index.php(59): CodeIgniter\Boot::bootWeb(Object(Config\Paths))
CRITICAL - 2025-12-19 09:40:27 --> MongoDB\Driver\Exception\InvalidArgumentException: Failed to parse URI options: Default authentication mechanism requires username
[Method: GET, Route: /]
in VENDORPATH\mongodb\mongodb\src\Client.php on line 143.
 1 VENDORPATH\mongodb\mongodb\src\Client.php(143): MongoDB\Driver\Manager->__construct('mongodb://localhost:27017/ikon_pos_db', [...], [...])
 2 VENDORPATH\bertugfahriozer\ci4mongodblibrary\app\Libraries\Mongo.php(27): MongoDB\Client->__construct('mongodb://localhost:27017/ikon_pos_db', [...], [...])
 3 APPPATH\Models\CommonModel.php(17): ci4mongodblibrary\Libraries\Mongo->__construct()
 4 SYSTEMPATH\Config\Factories.php(236): ci4mongodblibrary\Models\CommonModel->__construct(null)
 5 SYSTEMPATH\Config\Factories.php(170): CodeIgniter\Config\Factories::createInstance('models', 'ci4mongodblibrary\\Models\\CommonModel', [...])
 6 SYSTEMPATH\Common.php(833): CodeIgniter\Config\Factories::__callStatic('models', [...])
 7 APPPATH\Controllers\Home.php(9): model('CommonModel')
 8 SYSTEMPATH\CodeIgniter.php(933): App\Controllers\Home->index()
 9 SYSTEMPATH\CodeIgniter.php(507): CodeIgniter\CodeIgniter->runController(Object(App\Controllers\Home))
10 SYSTEMPATH\CodeIgniter.php(354): CodeIgniter\CodeIgniter->handleRequest(null, Object(Config\Cache), false)
11 SYSTEMPATH\Boot.php(363): CodeIgniter\CodeIgniter->run()
12 SYSTEMPATH\Boot.php(68): CodeIgniter\Boot::runCodeIgniter(Object(CodeIgniter\CodeIgniter))
13 FCPATH\index.php(59): CodeIgniter\Boot::bootWeb(Object(Config\Paths))
CRITICAL - 2025-12-19 09:41:22 --> MongoDB\Driver\Exception\InvalidArgumentException: Failed to parse URI options: Default authentication mechanism requires username
[Method: GET, Route: /]
in VENDORPATH\mongodb\mongodb\src\Client.php on line 143.
 1 VENDORPATH\mongodb\mongodb\src\Client.php(143): MongoDB\Driver\Manager->__construct('mongodb://localhost:27017/ikon_pos_db', [...], [...])
 2 VENDORPATH\bertugfahriozer\ci4mongodblibrary\app\Libraries\Mongo.php(27): MongoDB\Client->__construct('mongodb://localhost:27017/ikon_pos_db', [...], [...])
 3 APPPATH\Models\CommonModel.php(17): ci4mongodblibrary\Libraries\Mongo->__construct()
 4 SYSTEMPATH\Config\Factories.php(236): ci4mongodblibrary\Models\CommonModel->__construct(null)
 5 SYSTEMPATH\Config\Factories.php(170): CodeIgniter\Config\Factories::createInstance('models', 'ci4mongodblibrary\\Models\\CommonModel', [...])
 6 SYSTEMPATH\Common.php(833): CodeIgniter\Config\Factories::__callStatic('models', [...])
 7 APPPATH\Controllers\Home.php(9): model('CommonModel')
 8 SYSTEMPATH\CodeIgniter.php(933): App\Controllers\Home->index()
 9 SYSTEMPATH\CodeIgniter.php(507): CodeIgniter\CodeIgniter->runController(Object(App\Controllers\Home))
10 SYSTEMPATH\CodeIgniter.php(354): CodeIgniter\CodeIgniter->handleRequest(null, Object(Config\Cache), false)
11 SYSTEMPATH\Boot.php(363): CodeIgniter\CodeIgniter->run()
12 SYSTEMPATH\Boot.php(68): CodeIgniter\Boot::runCodeIgniter(Object(CodeIgniter\CodeIgniter))
13 FCPATH\index.php(59): CodeIgniter\Boot::bootWeb(Object(Config\Paths))
CRITICAL - 2025-12-19 09:45:14 --> MongoDB\Driver\Exception\InvalidArgumentException: Failed to parse URI options: Default authentication mechanism requires username
[Method: GET, Route: /]
in VENDORPATH\mongodb\mongodb\src\Client.php on line 143.
 1 VENDORPATH\mongodb\mongodb\src\Client.php(143): MongoDB\Driver\Manager->__construct('mongodb://localhost:27017/ikon_pos_db', [...], [...])
 2 VENDORPATH\bertugfahriozer\ci4mongodblibrary\app\Libraries\Mongo.php(27): MongoDB\Client->__construct('mongodb://localhost:27017/ikon_pos_db', [...], [...])
 3 APPPATH\Models\CommonModel.php(17): ci4mongodblibrary\Libraries\Mongo->__construct()
 4 SYSTEMPATH\Config\Factories.php(236): ci4mongodblibrary\Models\CommonModel->__construct(null)
 5 SYSTEMPATH\Config\Factories.php(170): CodeIgniter\Config\Factories::createInstance('models', 'ci4mongodblibrary\\Models\\CommonModel', [...])
 6 SYSTEMPATH\Common.php(833): CodeIgniter\Config\Factories::__callStatic('models', [...])
 7 APPPATH\Controllers\Home.php(9): model('CommonModel')
 8 SYSTEMPATH\CodeIgniter.php(933): App\Controllers\Home->index()
 9 SYSTEMPATH\CodeIgniter.php(507): CodeIgniter\CodeIgniter->runController(Object(App\Controllers\Home))
10 SYSTEMPATH\CodeIgniter.php(354): CodeIgniter\CodeIgniter->handleRequest(null, Object(Config\Cache), false)
11 SYSTEMPATH\Boot.php(363): CodeIgniter\CodeIgniter->run()
12 SYSTEMPATH\Boot.php(68): CodeIgniter\Boot::runCodeIgniter(Object(CodeIgniter\CodeIgniter))
13 FCPATH\index.php(59): CodeIgniter\Boot::bootWeb(Object(Config\Paths))
CRITICAL - 2025-12-19 09:45:29 --> MongoDB\Driver\Exception\InvalidArgumentException: Failed to parse URI options: Default authentication mechanism requires username
[Method: GET, Route: /]
in VENDORPATH\mongodb\mongodb\src\Client.php on line 143.
 1 VENDORPATH\mongodb\mongodb\src\Client.php(143): MongoDB\Driver\Manager->__construct('mongodb://localhost:27017/ikon_pos_db', [...], [...])
 2 VENDORPATH\bertugfahriozer\ci4mongodblibrary\app\Libraries\Mongo.php(27): MongoDB\Client->__construct('mongodb://localhost:27017/ikon_pos_db', [...], [...])
 3 APPPATH\Models\CommonModel.php(17): ci4mongodblibrary\Libraries\Mongo->__construct()
 4 SYSTEMPATH\Config\Factories.php(236): ci4mongodblibrary\Models\CommonModel->__construct(null)
 5 SYSTEMPATH\Config\Factories.php(170): CodeIgniter\Config\Factories::createInstance('models', 'ci4mongodblibrary\\Models\\CommonModel', [...])
 6 SYSTEMPATH\Common.php(833): CodeIgniter\Config\Factories::__callStatic('models', [...])
 7 APPPATH\Controllers\Home.php(9): model('CommonModel')
 8 SYSTEMPATH\CodeIgniter.php(933): App\Controllers\Home->index()
 9 SYSTEMPATH\CodeIgniter.php(507): CodeIgniter\CodeIgniter->runController(Object(App\Controllers\Home))
10 SYSTEMPATH\CodeIgniter.php(354): CodeIgniter\CodeIgniter->handleRequest(null, Object(Config\Cache), false)
11 SYSTEMPATH\Boot.php(363): CodeIgniter\CodeIgniter->run()
12 SYSTEMPATH\Boot.php(68): CodeIgniter\Boot::runCodeIgniter(Object(CodeIgniter\CodeIgniter))
13 FCPATH\index.php(59): CodeIgniter\Boot::bootWeb(Object(Config\Paths))
CRITICAL - 2025-12-19 09:46:57 --> MongoDB\Driver\Exception\InvalidArgumentException: Failed to parse URI options: Default authentication mechanism requires username
[Method: GET, Route: /]
in VENDORPATH\mongodb\mongodb\src\Client.php on line 143.
 1 VENDORPATH\mongodb\mongodb\src\Client.php(143): MongoDB\Driver\Manager->__construct('mongodb://localhost:27017/ikon_pos_db', [...], [...])
 2 VENDORPATH\bertugfahriozer\ci4mongodblibrary\app\Libraries\Mongo.php(27): MongoDB\Client->__construct('mongodb://localhost:27017/ikon_pos_db', [...], [...])
 3 APPPATH\Models\CommonModel.php(17): ci4mongodblibrary\Libraries\Mongo->__construct()
 4 SYSTEMPATH\Config\Factories.php(236): ci4mongodblibrary\Models\CommonModel->__construct(null)
 5 SYSTEMPATH\Config\Factories.php(170): CodeIgniter\Config\Factories::createInstance('models', 'ci4mongodblibrary\\Models\\CommonModel', [...])
 6 SYSTEMPATH\Common.php(833): CodeIgniter\Config\Factories::__callStatic('models', [...])
 7 APPPATH\Controllers\Home.php(9): model('CommonModel')
 8 SYSTEMPATH\CodeIgniter.php(933): App\Controllers\Home->index()
 9 SYSTEMPATH\CodeIgniter.php(507): CodeIgniter\CodeIgniter->runController(Object(App\Controllers\Home))
10 SYSTEMPATH\CodeIgniter.php(354): CodeIgniter\CodeIgniter->handleRequest(null, Object(Config\Cache), false)
11 SYSTEMPATH\Boot.php(363): CodeIgniter\CodeIgniter->run()
12 SYSTEMPATH\Boot.php(68): CodeIgniter\Boot::runCodeIgniter(Object(CodeIgniter\CodeIgniter))
13 FCPATH\index.php(59): CodeIgniter\Boot::bootWeb(Object(Config\Paths))
CRITICAL - 2025-12-19 09:47:39 --> MongoDB\Driver\Exception\InvalidArgumentException: Failed to parse URI options: Default authentication mechanism requires username
[Method: GET, Route: /]
in VENDORPATH\mongodb\mongodb\src\Client.php on line 143.
 1 VENDORPATH\mongodb\mongodb\src\Client.php(143): MongoDB\Driver\Manager->__construct('mongodb://localhost:27017/ikon_pos_db', [...], [...])
 2 VENDORPATH\bertugfahriozer\ci4mongodblibrary\app\Libraries\Mongo.php(27): MongoDB\Client->__construct('mongodb://localhost:27017/ikon_pos_db', [...], [...])
 3 APPPATH\Models\CommonModel.php(17): ci4mongodblibrary\Libraries\Mongo->__construct()
 4 SYSTEMPATH\Config\Factories.php(236): ci4mongodblibrary\Models\CommonModel->__construct(null)
 5 SYSTEMPATH\Config\Factories.php(170): CodeIgniter\Config\Factories::createInstance('models', 'ci4mongodblibrary\\Models\\CommonModel', [...])
 6 SYSTEMPATH\Common.php(833): CodeIgniter\Config\Factories::__callStatic('models', [...])
 7 APPPATH\Controllers\Home.php(9): model('CommonModel')
 8 SYSTEMPATH\CodeIgniter.php(933): App\Controllers\Home->index()
 9 SYSTEMPATH\CodeIgniter.php(507): CodeIgniter\CodeIgniter->runController(Object(App\Controllers\Home))
10 SYSTEMPATH\CodeIgniter.php(354): CodeIgniter\CodeIgniter->handleRequest(null, Object(Config\Cache), false)
11 SYSTEMPATH\Boot.php(363): CodeIgniter\CodeIgniter->run()
12 SYSTEMPATH\Boot.php(68): CodeIgniter\Boot::runCodeIgniter(Object(CodeIgniter\CodeIgniter))
13 FCPATH\index.php(59): CodeIgniter\Boot::bootWeb(Object(Config\Paths))
CRITICAL - 2025-12-19 09:47:40 --> MongoDB\Driver\Exception\InvalidArgumentException: Failed to parse URI options: Default authentication mechanism requires username
[Method: GET, Route: /]
in VENDORPATH\mongodb\mongodb\src\Client.php on line 143.
 1 VENDORPATH\mongodb\mongodb\src\Client.php(143): MongoDB\Driver\Manager->__construct('mongodb://localhost:27017/ikon_pos_db', [...], [...])
 2 VENDORPATH\bertugfahriozer\ci4mongodblibrary\app\Libraries\Mongo.php(27): MongoDB\Client->__construct('mongodb://localhost:27017/ikon_pos_db', [...], [...])
 3 APPPATH\Models\CommonModel.php(17): ci4mongodblibrary\Libraries\Mongo->__construct()
 4 SYSTEMPATH\Config\Factories.php(236): ci4mongodblibrary\Models\CommonModel->__construct(null)
 5 SYSTEMPATH\Config\Factories.php(170): CodeIgniter\Config\Factories::createInstance('models', 'ci4mongodblibrary\\Models\\CommonModel', [...])
 6 SYSTEMPATH\Common.php(833): CodeIgniter\Config\Factories::__callStatic('models', [...])
 7 APPPATH\Controllers\Home.php(9): model('CommonModel')
 8 SYSTEMPATH\CodeIgniter.php(933): App\Controllers\Home->index()
 9 SYSTEMPATH\CodeIgniter.php(507): CodeIgniter\CodeIgniter->runController(Object(App\Controllers\Home))
10 SYSTEMPATH\CodeIgniter.php(354): CodeIgniter\CodeIgniter->handleRequest(null, Object(Config\Cache), false)
11 SYSTEMPATH\Boot.php(363): CodeIgniter\CodeIgniter->run()
12 SYSTEMPATH\Boot.php(68): CodeIgniter\Boot::runCodeIgniter(Object(CodeIgniter\CodeIgniter))
13 FCPATH\index.php(59): CodeIgniter\Boot::bootWeb(Object(Config\Paths))
CRITICAL - 2025-12-19 09:48:49 --> MongoDB\Driver\Exception\InvalidArgumentException: Failed to parse URI options: Default authentication mechanism requires username
[Method: GET, Route: /]
in VENDORPATH\mongodb\mongodb\src\Client.php on line 143.
 1 VENDORPATH\mongodb\mongodb\src\Client.php(143): MongoDB\Driver\Manager->__construct('mongodb://localhost:27017/ikon_pos_db', [...], [...])
 2 VENDORPATH\bertugfahriozer\ci4mongodblibrary\app\Libraries\Mongo.php(27): MongoDB\Client->__construct('mongodb://localhost:27017/ikon_pos_db', [...], [...])
 3 APPPATH\Models\CommonModel.php(17): ci4mongodblibrary\Libraries\Mongo->__construct()
 4 SYSTEMPATH\Config\Factories.php(236): ci4mongodblibrary\Models\CommonModel->__construct(null)
 5 SYSTEMPATH\Config\Factories.php(170): CodeIgniter\Config\Factories::createInstance('models', 'ci4mongodblibrary\\Models\\CommonModel', [...])
 6 SYSTEMPATH\Common.php(833): CodeIgniter\Config\Factories::__callStatic('models', [...])
 7 APPPATH\Controllers\Home.php(9): model('CommonModel')
 8 SYSTEMPATH\CodeIgniter.php(933): App\Controllers\Home->index()
 9 SYSTEMPATH\CodeIgniter.php(507): CodeIgniter\CodeIgniter->runController(Object(App\Controllers\Home))
10 SYSTEMPATH\CodeIgniter.php(354): CodeIgniter\CodeIgniter->handleRequest(null, Object(Config\Cache), false)
11 SYSTEMPATH\Boot.php(363): CodeIgniter\CodeIgniter->run()
12 SYSTEMPATH\Boot.php(68): CodeIgniter\Boot::runCodeIgniter(Object(CodeIgniter\CodeIgniter))
13 FCPATH\index.php(59): CodeIgniter\Boot::bootWeb(Object(Config\Paths))
CRITICAL - 2025-12-19 09:48:52 --> MongoDB\Driver\Exception\InvalidArgumentException: Failed to parse URI options: Default authentication mechanism requires username
[Method: GET, Route: /]
in VENDORPATH\mongodb\mongodb\src\Client.php on line 143.
 1 VENDORPATH\mongodb\mongodb\src\Client.php(143): MongoDB\Driver\Manager->__construct('mongodb://localhost:27017/ikon_pos_db', [...], [...])
 2 VENDORPATH\bertugfahriozer\ci4mongodblibrary\app\Libraries\Mongo.php(27): MongoDB\Client->__construct('mongodb://localhost:27017/ikon_pos_db', [...], [...])
 3 APPPATH\Models\CommonModel.php(17): ci4mongodblibrary\Libraries\Mongo->__construct()
 4 SYSTEMPATH\Config\Factories.php(236): ci4mongodblibrary\Models\CommonModel->__construct(null)
 5 SYSTEMPATH\Config\Factories.php(170): CodeIgniter\Config\Factories::createInstance('models', 'ci4mongodblibrary\\Models\\CommonModel', [...])
 6 SYSTEMPATH\Common.php(833): CodeIgniter\Config\Factories::__callStatic('models', [...])
 7 APPPATH\Controllers\Home.php(9): model('CommonModel')
 8 SYSTEMPATH\CodeIgniter.php(933): App\Controllers\Home->index()
 9 SYSTEMPATH\CodeIgniter.php(507): CodeIgniter\CodeIgniter->runController(Object(App\Controllers\Home))
10 SYSTEMPATH\CodeIgniter.php(354): CodeIgniter\CodeIgniter->handleRequest(null, Object(Config\Cache), false)
11 SYSTEMPATH\Boot.php(363): CodeIgniter\CodeIgniter->run()
12 SYSTEMPATH\Boot.php(68): CodeIgniter\Boot::runCodeIgniter(Object(CodeIgniter\CodeIgniter))
13 FCPATH\index.php(59): CodeIgniter\Boot::bootWeb(Object(Config\Paths))
CRITICAL - 2025-12-19 09:48:52 --> MongoDB\Driver\Exception\InvalidArgumentException: Failed to parse URI options: Default authentication mechanism requires username
[Method: GET, Route: /]
in VENDORPATH\mongodb\mongodb\src\Client.php on line 143.
 1 VENDORPATH\mongodb\mongodb\src\Client.php(143): MongoDB\Driver\Manager->__construct('mongodb://localhost:27017/ikon_pos_db', [...], [...])
 2 VENDORPATH\bertugfahriozer\ci4mongodblibrary\app\Libraries\Mongo.php(27): MongoDB\Client->__construct('mongodb://localhost:27017/ikon_pos_db', [...], [...])
 3 APPPATH\Models\CommonModel.php(17): ci4mongodblibrary\Libraries\Mongo->__construct()
 4 SYSTEMPATH\Config\Factories.php(236): ci4mongodblibrary\Models\CommonModel->__construct(null)
 5 SYSTEMPATH\Config\Factories.php(170): CodeIgniter\Config\Factories::createInstance('models', 'ci4mongodblibrary\\Models\\CommonModel', [...])
 6 SYSTEMPATH\Common.php(833): CodeIgniter\Config\Factories::__callStatic('models', [...])
 7 APPPATH\Controllers\Home.php(9): model('CommonModel')
 8 SYSTEMPATH\CodeIgniter.php(933): App\Controllers\Home->index()
 9 SYSTEMPATH\CodeIgniter.php(507): CodeIgniter\CodeIgniter->runController(Object(App\Controllers\Home))
10 SYSTEMPATH\CodeIgniter.php(354): CodeIgniter\CodeIgniter->handleRequest(null, Object(Config\Cache), false)
11 SYSTEMPATH\Boot.php(363): CodeIgniter\CodeIgniter->run()
12 SYSTEMPATH\Boot.php(68): CodeIgniter\Boot::runCodeIgniter(Object(CodeIgniter\CodeIgniter))
13 FCPATH\index.php(59): CodeIgniter\Boot::bootWeb(Object(Config\Paths))
CRITICAL - 2025-12-19 09:48:53 --> MongoDB\Driver\Exception\InvalidArgumentException: Failed to parse URI options: Default authentication mechanism requires username
[Method: GET, Route: /]
in VENDORPATH\mongodb\mongodb\src\Client.php on line 143.
 1 VENDORPATH\mongodb\mongodb\src\Client.php(143): MongoDB\Driver\Manager->__construct('mongodb://localhost:27017/ikon_pos_db', [...], [...])
 2 VENDORPATH\bertugfahriozer\ci4mongodblibrary\app\Libraries\Mongo.php(27): MongoDB\Client->__construct('mongodb://localhost:27017/ikon_pos_db', [...], [...])
 3 APPPATH\Models\CommonModel.php(17): ci4mongodblibrary\Libraries\Mongo->__construct()
 4 SYSTEMPATH\Config\Factories.php(236): ci4mongodblibrary\Models\CommonModel->__construct(null)
 5 SYSTEMPATH\Config\Factories.php(170): CodeIgniter\Config\Factories::createInstance('models', 'ci4mongodblibrary\\Models\\CommonModel', [...])
 6 SYSTEMPATH\Common.php(833): CodeIgniter\Config\Factories::__callStatic('models', [...])
 7 APPPATH\Controllers\Home.php(9): model('CommonModel')
 8 SYSTEMPATH\CodeIgniter.php(933): App\Controllers\Home->index()
 9 SYSTEMPATH\CodeIgniter.php(507): CodeIgniter\CodeIgniter->runController(Object(App\Controllers\Home))
10 SYSTEMPATH\CodeIgniter.php(354): CodeIgniter\CodeIgniter->handleRequest(null, Object(Config\Cache), false)
11 SYSTEMPATH\Boot.php(363): CodeIgniter\CodeIgniter->run()
12 SYSTEMPATH\Boot.php(68): CodeIgniter\Boot::runCodeIgniter(Object(CodeIgniter\CodeIgniter))
13 FCPATH\index.php(59): CodeIgniter\Boot::bootWeb(Object(Config\Paths))
CRITICAL - 2025-12-19 09:48:54 --> MongoDB\Driver\Exception\InvalidArgumentException: Failed to parse URI options: Default authentication mechanism requires username
[Method: GET, Route: /]
in VENDORPATH\mongodb\mongodb\src\Client.php on line 143.
 1 VENDORPATH\mongodb\mongodb\src\Client.php(143): MongoDB\Driver\Manager->__construct('mongodb://localhost:27017/ikon_pos_db', [...], [...])
 2 VENDORPATH\bertugfahriozer\ci4mongodblibrary\app\Libraries\Mongo.php(27): MongoDB\Client->__construct('mongodb://localhost:27017/ikon_pos_db', [...], [...])
 3 APPPATH\Models\CommonModel.php(17): ci4mongodblibrary\Libraries\Mongo->__construct()
 4 SYSTEMPATH\Config\Factories.php(236): ci4mongodblibrary\Models\CommonModel->__construct(null)
 5 SYSTEMPATH\Config\Factories.php(170): CodeIgniter\Config\Factories::createInstance('models', 'ci4mongodblibrary\\Models\\CommonModel', [...])
 6 SYSTEMPATH\Common.php(833): CodeIgniter\Config\Factories::__callStatic('models', [...])
 7 APPPATH\Controllers\Home.php(9): model('CommonModel')
 8 SYSTEMPATH\CodeIgniter.php(933): App\Controllers\Home->index()
 9 SYSTEMPATH\CodeIgniter.php(507): CodeIgniter\CodeIgniter->runController(Object(App\Controllers\Home))
10 SYSTEMPATH\CodeIgniter.php(354): CodeIgniter\CodeIgniter->handleRequest(null, Object(Config\Cache), false)
11 SYSTEMPATH\Boot.php(363): CodeIgniter\CodeIgniter->run()
12 SYSTEMPATH\Boot.php(68): CodeIgniter\Boot::runCodeIgniter(Object(CodeIgniter\CodeIgniter))
13 FCPATH\index.php(59): CodeIgniter\Boot::bootWeb(Object(Config\Paths))
CRITICAL - 2025-12-19 09:48:54 --> MongoDB\Driver\Exception\InvalidArgumentException: Failed to parse URI options: Default authentication mechanism requires username
[Method: GET, Route: /]
in VENDORPATH\mongodb\mongodb\src\Client.php on line 143.
 1 VENDORPATH\mongodb\mongodb\src\Client.php(143): MongoDB\Driver\Manager->__construct('mongodb://localhost:27017/ikon_pos_db', [...], [...])
 2 VENDORPATH\bertugfahriozer\ci4mongodblibrary\app\Libraries\Mongo.php(27): MongoDB\Client->__construct('mongodb://localhost:27017/ikon_pos_db', [...], [...])
 3 APPPATH\Models\CommonModel.php(17): ci4mongodblibrary\Libraries\Mongo->__construct()
 4 SYSTEMPATH\Config\Factories.php(236): ci4mongodblibrary\Models\CommonModel->__construct(null)
 5 SYSTEMPATH\Config\Factories.php(170): CodeIgniter\Config\Factories::createInstance('models', 'ci4mongodblibrary\\Models\\CommonModel', [...])
 6 SYSTEMPATH\Common.php(833): CodeIgniter\Config\Factories::__callStatic('models', [...])
 7 APPPATH\Controllers\Home.php(9): model('CommonModel')
 8 SYSTEMPATH\CodeIgniter.php(933): App\Controllers\Home->index()
 9 SYSTEMPATH\CodeIgniter.php(507): CodeIgniter\CodeIgniter->runController(Object(App\Controllers\Home))
10 SYSTEMPATH\CodeIgniter.php(354): CodeIgniter\CodeIgniter->handleRequest(null, Object(Config\Cache), false)
11 SYSTEMPATH\Boot.php(363): CodeIgniter\CodeIgniter->run()
12 SYSTEMPATH\Boot.php(68): CodeIgniter\Boot::runCodeIgniter(Object(CodeIgniter\CodeIgniter))
13 FCPATH\index.php(59): CodeIgniter\Boot::bootWeb(Object(Config\Paths))
CRITICAL - 2025-12-19 09:49:20 --> MongoDB\Driver\Exception\InvalidArgumentException: Failed to parse URI options: Default authentication mechanism requires username
[Method: GET, Route: /]
in VENDORPATH\mongodb\mongodb\src\Client.php on line 143.
 1 VENDORPATH\mongodb\mongodb\src\Client.php(143): MongoDB\Driver\Manager->__construct('mongodb://localhost:27017/ikon_pos_db', [...], [...])
 2 VENDORPATH\bertugfahriozer\ci4mongodblibrary\app\Libraries\Mongo.php(27): MongoDB\Client->__construct('mongodb://localhost:27017/ikon_pos_db', [...], [...])
 3 APPPATH\Models\CommonModel.php(17): ci4mongodblibrary\Libraries\Mongo->__construct()
 4 SYSTEMPATH\Config\Factories.php(236): ci4mongodblibrary\Models\CommonModel->__construct(null)
 5 SYSTEMPATH\Config\Factories.php(170): CodeIgniter\Config\Factories::createInstance('models', 'ci4mongodblibrary\\Models\\CommonModel', [...])
 6 SYSTEMPATH\Common.php(833): CodeIgniter\Config\Factories::__callStatic('models', [...])
 7 APPPATH\Controllers\Home.php(9): model('CommonModel')
 8 SYSTEMPATH\CodeIgniter.php(933): App\Controllers\Home->index()
 9 SYSTEMPATH\CodeIgniter.php(507): CodeIgniter\CodeIgniter->runController(Object(App\Controllers\Home))
10 SYSTEMPATH\CodeIgniter.php(354): CodeIgniter\CodeIgniter->handleRequest(null, Object(Config\Cache), false)
11 SYSTEMPATH\Boot.php(363): CodeIgniter\CodeIgniter->run()
12 SYSTEMPATH\Boot.php(68): CodeIgniter\Boot::runCodeIgniter(Object(CodeIgniter\CodeIgniter))
13 FCPATH\index.php(59): CodeIgniter\Boot::bootWeb(Object(Config\Paths))
CRITICAL - 2025-12-19 09:49:21 --> MongoDB\Driver\Exception\InvalidArgumentException: Failed to parse URI options: Default authentication mechanism requires username
[Method: GET, Route: /]
in VENDORPATH\mongodb\mongodb\src\Client.php on line 143.
 1 VENDORPATH\mongodb\mongodb\src\Client.php(143): MongoDB\Driver\Manager->__construct('mongodb://localhost:27017/ikon_pos_db', [...], [...])
 2 VENDORPATH\bertugfahriozer\ci4mongodblibrary\app\Libraries\Mongo.php(27): MongoDB\Client->__construct('mongodb://localhost:27017/ikon_pos_db', [...], [...])
 3 APPPATH\Models\CommonModel.php(17): ci4mongodblibrary\Libraries\Mongo->__construct()
 4 SYSTEMPATH\Config\Factories.php(236): ci4mongodblibrary\Models\CommonModel->__construct(null)
 5 SYSTEMPATH\Config\Factories.php(170): CodeIgniter\Config\Factories::createInstance('models', 'ci4mongodblibrary\\Models\\CommonModel', [...])
 6 SYSTEMPATH\Common.php(833): CodeIgniter\Config\Factories::__callStatic('models', [...])
 7 APPPATH\Controllers\Home.php(9): model('CommonModel')
 8 SYSTEMPATH\CodeIgniter.php(933): App\Controllers\Home->index()
 9 SYSTEMPATH\CodeIgniter.php(507): CodeIgniter\CodeIgniter->runController(Object(App\Controllers\Home))
10 SYSTEMPATH\CodeIgniter.php(354): CodeIgniter\CodeIgniter->handleRequest(null, Object(Config\Cache), false)
11 SYSTEMPATH\Boot.php(363): CodeIgniter\CodeIgniter->run()
12 SYSTEMPATH\Boot.php(68): CodeIgniter\Boot::runCodeIgniter(Object(CodeIgniter\CodeIgniter))
13 FCPATH\index.php(59): CodeIgniter\Boot::bootWeb(Object(Config\Paths))
CRITICAL - 2025-12-19 09:49:22 --> MongoDB\Driver\Exception\InvalidArgumentException: Failed to parse URI options: Default authentication mechanism requires username
[Method: GET, Route: /]
in VENDORPATH\mongodb\mongodb\src\Client.php on line 143.
 1 VENDORPATH\mongodb\mongodb\src\Client.php(143): MongoDB\Driver\Manager->__construct('mongodb://localhost:27017/ikon_pos_db', [...], [...])
 2 VENDORPATH\bertugfahriozer\ci4mongodblibrary\app\Libraries\Mongo.php(27): MongoDB\Client->__construct('mongodb://localhost:27017/ikon_pos_db', [...], [...])
 3 APPPATH\Models\CommonModel.php(17): ci4mongodblibrary\Libraries\Mongo->__construct()
 4 SYSTEMPATH\Config\Factories.php(236): ci4mongodblibrary\Models\CommonModel->__construct(null)
 5 SYSTEMPATH\Config\Factories.php(170): CodeIgniter\Config\Factories::createInstance('models', 'ci4mongodblibrary\\Models\\CommonModel', [...])
 6 SYSTEMPATH\Common.php(833): CodeIgniter\Config\Factories::__callStatic('models', [...])
 7 APPPATH\Controllers\Home.php(9): model('CommonModel')
 8 SYSTEMPATH\CodeIgniter.php(933): App\Controllers\Home->index()
 9 SYSTEMPATH\CodeIgniter.php(507): CodeIgniter\CodeIgniter->runController(Object(App\Controllers\Home))
10 SYSTEMPATH\CodeIgniter.php(354): CodeIgniter\CodeIgniter->handleRequest(null, Object(Config\Cache), false)
11 SYSTEMPATH\Boot.php(363): CodeIgniter\CodeIgniter->run()
12 SYSTEMPATH\Boot.php(68): CodeIgniter\Boot::runCodeIgniter(Object(CodeIgniter\CodeIgniter))
13 FCPATH\index.php(59): CodeIgniter\Boot::bootWeb(Object(Config\Paths))
CRITICAL - 2025-12-19 09:49:50 --> MongoDB\Driver\Exception\InvalidArgumentException: Failed to parse URI options: Default authentication mechanism requires username
[Method: GET, Route: /]
in VENDORPATH\mongodb\mongodb\src\Client.php on line 143.
 1 VENDORPATH\mongodb\mongodb\src\Client.php(143): MongoDB\Driver\Manager->__construct('mongodb://localhost:27017/ikon_pos_db', [...], [...])
 2 VENDORPATH\bertugfahriozer\ci4mongodblibrary\app\Libraries\Mongo.php(27): MongoDB\Client->__construct('mongodb://localhost:27017/ikon_pos_db', [...], [...])
 3 APPPATH\Models\CommonModel.php(17): ci4mongodblibrary\Libraries\Mongo->__construct()
 4 SYSTEMPATH\Config\Factories.php(236): ci4mongodblibrary\Models\CommonModel->__construct(null)
 5 SYSTEMPATH\Config\Factories.php(170): CodeIgniter\Config\Factories::createInstance('models', 'ci4mongodblibrary\\Models\\CommonModel', [...])
 6 SYSTEMPATH\Common.php(833): CodeIgniter\Config\Factories::__callStatic('models', [...])
 7 APPPATH\Controllers\Home.php(9): model('CommonModel')
 8 SYSTEMPATH\CodeIgniter.php(933): App\Controllers\Home->index()
 9 SYSTEMPATH\CodeIgniter.php(507): CodeIgniter\CodeIgniter->runController(Object(App\Controllers\Home))
10 SYSTEMPATH\CodeIgniter.php(354): CodeIgniter\CodeIgniter->handleRequest(null, Object(Config\Cache), false)
11 SYSTEMPATH\Boot.php(363): CodeIgniter\CodeIgniter->run()
12 SYSTEMPATH\Boot.php(68): CodeIgniter\Boot::runCodeIgniter(Object(CodeIgniter\CodeIgniter))
13 FCPATH\index.php(59): CodeIgniter\Boot::bootWeb(Object(Config\Paths))
CRITICAL - 2025-12-19 09:49:51 --> MongoDB\Driver\Exception\InvalidArgumentException: Failed to parse URI options: Default authentication mechanism requires username
[Method: GET, Route: /]
in VENDORPATH\mongodb\mongodb\src\Client.php on line 143.
 1 VENDORPATH\mongodb\mongodb\src\Client.php(143): MongoDB\Driver\Manager->__construct('mongodb://localhost:27017/ikon_pos_db', [...], [...])
 2 VENDORPATH\bertugfahriozer\ci4mongodblibrary\app\Libraries\Mongo.php(27): MongoDB\Client->__construct('mongodb://localhost:27017/ikon_pos_db', [...], [...])
 3 APPPATH\Models\CommonModel.php(17): ci4mongodblibrary\Libraries\Mongo->__construct()
 4 SYSTEMPATH\Config\Factories.php(236): ci4mongodblibrary\Models\CommonModel->__construct(null)
 5 SYSTEMPATH\Config\Factories.php(170): CodeIgniter\Config\Factories::createInstance('models', 'ci4mongodblibrary\\Models\\CommonModel', [...])
 6 SYSTEMPATH\Common.php(833): CodeIgniter\Config\Factories::__callStatic('models', [...])
 7 APPPATH\Controllers\Home.php(9): model('CommonModel')
 8 SYSTEMPATH\CodeIgniter.php(933): App\Controllers\Home->index()
 9 SYSTEMPATH\CodeIgniter.php(507): CodeIgniter\CodeIgniter->runController(Object(App\Controllers\Home))
10 SYSTEMPATH\CodeIgniter.php(354): CodeIgniter\CodeIgniter->handleRequest(null, Object(Config\Cache), false)
11 SYSTEMPATH\Boot.php(363): CodeIgniter\CodeIgniter->run()
12 SYSTEMPATH\Boot.php(68): CodeIgniter\Boot::runCodeIgniter(Object(CodeIgniter\CodeIgniter))
13 FCPATH\index.php(59): CodeIgniter\Boot::bootWeb(Object(Config\Paths))
CRITICAL - 2025-12-19 09:50:26 --> MongoDB\Driver\Exception\InvalidArgumentException: Failed to parse URI options: Default authentication mechanism requires username
[Method: GET, Route: /]
in VENDORPATH\mongodb\mongodb\src\Client.php on line 143.
 1 VENDORPATH\mongodb\mongodb\src\Client.php(143): MongoDB\Driver\Manager->__construct('mongodb://localhost:27017/ikon_pos_db', [...], [...])
 2 VENDORPATH\bertugfahriozer\ci4mongodblibrary\app\Libraries\Mongo.php(27): MongoDB\Client->__construct('mongodb://localhost:27017/ikon_pos_db', [...], [...])
 3 APPPATH\Models\CommonModel.php(17): ci4mongodblibrary\Libraries\Mongo->__construct()
 4 SYSTEMPATH\Config\Factories.php(236): ci4mongodblibrary\Models\CommonModel->__construct(null)
 5 SYSTEMPATH\Config\Factories.php(170): CodeIgniter\Config\Factories::createInstance('models', 'ci4mongodblibrary\\Models\\CommonModel', [...])
 6 SYSTEMPATH\Common.php(833): CodeIgniter\Config\Factories::__callStatic('models', [...])
 7 APPPATH\Controllers\Home.php(9): model('CommonModel')
 8 SYSTEMPATH\CodeIgniter.php(933): App\Controllers\Home->index()
 9 SYSTEMPATH\CodeIgniter.php(507): CodeIgniter\CodeIgniter->runController(Object(App\Controllers\Home))
10 SYSTEMPATH\CodeIgniter.php(354): CodeIgniter\CodeIgniter->handleRequest(null, Object(Config\Cache), false)
11 SYSTEMPATH\Boot.php(363): CodeIgniter\CodeIgniter->run()
12 SYSTEMPATH\Boot.php(68): CodeIgniter\Boot::runCodeIgniter(Object(CodeIgniter\CodeIgniter))
13 FCPATH\index.php(59): CodeIgniter\Boot::bootWeb(Object(Config\Paths))
CRITICAL - 2025-12-19 09:50:27 --> MongoDB\Driver\Exception\InvalidArgumentException: Failed to parse URI options: Default authentication mechanism requires username
[Method: GET, Route: /]
in VENDORPATH\mongodb\mongodb\src\Client.php on line 143.
 1 VENDORPATH\mongodb\mongodb\src\Client.php(143): MongoDB\Driver\Manager->__construct('mongodb://localhost:27017/ikon_pos_db', [...], [...])
 2 VENDORPATH\bertugfahriozer\ci4mongodblibrary\app\Libraries\Mongo.php(27): MongoDB\Client->__construct('mongodb://localhost:27017/ikon_pos_db', [...], [...])
 3 APPPATH\Models\CommonModel.php(17): ci4mongodblibrary\Libraries\Mongo->__construct()
 4 SYSTEMPATH\Config\Factories.php(236): ci4mongodblibrary\Models\CommonModel->__construct(null)
 5 SYSTEMPATH\Config\Factories.php(170): CodeIgniter\Config\Factories::createInstance('models', 'ci4mongodblibrary\\Models\\CommonModel', [...])
 6 SYSTEMPATH\Common.php(833): CodeIgniter\Config\Factories::__callStatic('models', [...])
 7 APPPATH\Controllers\Home.php(9): model('CommonModel')
 8 SYSTEMPATH\CodeIgniter.php(933): App\Controllers\Home->index()
 9 SYSTEMPATH\CodeIgniter.php(507): CodeIgniter\CodeIgniter->runController(Object(App\Controllers\Home))
10 SYSTEMPATH\CodeIgniter.php(354): CodeIgniter\CodeIgniter->handleRequest(null, Object(Config\Cache), false)
11 SYSTEMPATH\Boot.php(363): CodeIgniter\CodeIgniter->run()
12 SYSTEMPATH\Boot.php(68): CodeIgniter\Boot::runCodeIgniter(Object(CodeIgniter\CodeIgniter))
13 FCPATH\index.php(59): CodeIgniter\Boot::bootWeb(Object(Config\Paths))
CRITICAL - 2025-12-19 09:51:30 --> MongoDB\Driver\Exception\InvalidArgumentException: Failed to parse URI options: Default authentication mechanism requires username
[Method: GET, Route: /]
in VENDORPATH\mongodb\mongodb\src\Client.php on line 143.
 1 VENDORPATH\mongodb\mongodb\src\Client.php(143): MongoDB\Driver\Manager->__construct('mongodb://localhost:27017/ikon_pos_db', [...], [...])
 2 VENDORPATH\bertugfahriozer\ci4mongodblibrary\app\Libraries\Mongo.php(27): MongoDB\Client->__construct('mongodb://localhost:27017/ikon_pos_db', [...], [...])
 3 APPPATH\Models\CommonModel.php(17): ci4mongodblibrary\Libraries\Mongo->__construct()
 4 SYSTEMPATH\Config\Factories.php(236): ci4mongodblibrary\Models\CommonModel->__construct(null)
 5 SYSTEMPATH\Config\Factories.php(170): CodeIgniter\Config\Factories::createInstance('models', 'ci4mongodblibrary\\Models\\CommonModel', [...])
 6 SYSTEMPATH\Common.php(833): CodeIgniter\Config\Factories::__callStatic('models', [...])
 7 APPPATH\Controllers\Home.php(9): model('CommonModel')
 8 SYSTEMPATH\CodeIgniter.php(933): App\Controllers\Home->index()
 9 SYSTEMPATH\CodeIgniter.php(507): CodeIgniter\CodeIgniter->runController(Object(App\Controllers\Home))
10 SYSTEMPATH\CodeIgniter.php(354): CodeIgniter\CodeIgniter->handleRequest(null, Object(Config\Cache), false)
11 SYSTEMPATH\Boot.php(363): CodeIgniter\CodeIgniter->run()
12 SYSTEMPATH\Boot.php(68): CodeIgniter\Boot::runCodeIgniter(Object(CodeIgniter\CodeIgniter))
13 FCPATH\index.php(59): CodeIgniter\Boot::bootWeb(Object(Config\Paths))
CRITICAL - 2025-12-19 09:51:33 --> MongoDB\Driver\Exception\InvalidArgumentException: Failed to parse URI options: Default authentication mechanism requires username
[Method: GET, Route: /]
in VENDORPATH\mongodb\mongodb\src\Client.php on line 143.
 1 VENDORPATH\mongodb\mongodb\src\Client.php(143): MongoDB\Driver\Manager->__construct('mongodb://localhost:27017/ikon_pos_db', [...], [...])
 2 VENDORPATH\bertugfahriozer\ci4mongodblibrary\app\Libraries\Mongo.php(27): MongoDB\Client->__construct('mongodb://localhost:27017/ikon_pos_db', [...], [...])
 3 APPPATH\Models\CommonModel.php(17): ci4mongodblibrary\Libraries\Mongo->__construct()
 4 SYSTEMPATH\Config\Factories.php(236): ci4mongodblibrary\Models\CommonModel->__construct(null)
 5 SYSTEMPATH\Config\Factories.php(170): CodeIgniter\Config\Factories::createInstance('models', 'ci4mongodblibrary\\Models\\CommonModel', [...])
 6 SYSTEMPATH\Common.php(833): CodeIgniter\Config\Factories::__callStatic('models', [...])
 7 APPPATH\Controllers\Home.php(9): model('CommonModel')
 8 SYSTEMPATH\CodeIgniter.php(933): App\Controllers\Home->index()
 9 SYSTEMPATH\CodeIgniter.php(507): CodeIgniter\CodeIgniter->runController(Object(App\Controllers\Home))
10 SYSTEMPATH\CodeIgniter.php(354): CodeIgniter\CodeIgniter->handleRequest(null, Object(Config\Cache), false)
11 SYSTEMPATH\Boot.php(363): CodeIgniter\CodeIgniter->run()
12 SYSTEMPATH\Boot.php(68): CodeIgniter\Boot::runCodeIgniter(Object(CodeIgniter\CodeIgniter))
13 FCPATH\index.php(59): CodeIgniter\Boot::bootWeb(Object(Config\Paths))
CRITICAL - 2025-12-19 09:52:45 --> MongoDB\Driver\Exception\InvalidArgumentException: Failed to parse URI options: Default authentication mechanism requires username
[Method: GET, Route: /]
in VENDORPATH\mongodb\mongodb\src\Client.php on line 143.
 1 VENDORPATH\mongodb\mongodb\src\Client.php(143): MongoDB\Driver\Manager->__construct('mongodb://localhost:27017/ikon_pos_db', [...], [...])
 2 VENDORPATH\bertugfahriozer\ci4mongodblibrary\app\Libraries\Mongo.php(27): MongoDB\Client->__construct('mongodb://localhost:27017/ikon_pos_db', [...], [...])
 3 APPPATH\Models\CommonModel.php(17): ci4mongodblibrary\Libraries\Mongo->__construct()
 4 SYSTEMPATH\Config\Factories.php(236): ci4mongodblibrary\Models\CommonModel->__construct(null)
 5 SYSTEMPATH\Config\Factories.php(170): CodeIgniter\Config\Factories::createInstance('models', 'ci4mongodblibrary\\Models\\CommonModel', [...])
 6 SYSTEMPATH\Common.php(833): CodeIgniter\Config\Factories::__callStatic('models', [...])
 7 APPPATH\Controllers\Home.php(9): model('CommonModel')
 8 SYSTEMPATH\CodeIgniter.php(933): App\Controllers\Home->index()
 9 SYSTEMPATH\CodeIgniter.php(507): CodeIgniter\CodeIgniter->runController(Object(App\Controllers\Home))
10 SYSTEMPATH\CodeIgniter.php(354): CodeIgniter\CodeIgniter->handleRequest(null, Object(Config\Cache), false)
11 SYSTEMPATH\Boot.php(363): CodeIgniter\CodeIgniter->run()
12 SYSTEMPATH\Boot.php(68): CodeIgniter\Boot::runCodeIgniter(Object(CodeIgniter\CodeIgniter))
13 FCPATH\index.php(59): CodeIgniter\Boot::bootWeb(Object(Config\Paths))
CRITICAL - 2025-12-19 09:56:59 --> MongoDB\Driver\Exception\InvalidArgumentException: Failed to parse URI options: Default authentication mechanism requires username
[Method: GET, Route: /]
in VENDORPATH\mongodb\mongodb\src\Client.php on line 143.
 1 VENDORPATH\mongodb\mongodb\src\Client.php(143): MongoDB\Driver\Manager->__construct('mongodb://localhost:27017/ikon_pos_db', [...], [...])
 2 VENDORPATH\bertugfahriozer\ci4mongodblibrary\app\Libraries\Mongo.php(27): MongoDB\Client->__construct('mongodb://localhost:27017/ikon_pos_db', [...], [...])
 3 APPPATH\Models\CommonModel.php(19): ci4mongodblibrary\Libraries\Mongo->__construct('default')
 4 SYSTEMPATH\Config\Factories.php(236): ci4mongodblibrary\Models\CommonModel->__construct(null)
 5 SYSTEMPATH\Config\Factories.php(170): CodeIgniter\Config\Factories::createInstance('models', 'ci4mongodblibrary\\Models\\CommonModel', [...])
 6 SYSTEMPATH\Common.php(833): CodeIgniter\Config\Factories::__callStatic('models', [...])
 7 APPPATH\Controllers\Home.php(9): model('CommonModel')
 8 SYSTEMPATH\CodeIgniter.php(933): App\Controllers\Home->index()
 9 SYSTEMPATH\CodeIgniter.php(507): CodeIgniter\CodeIgniter->runController(Object(App\Controllers\Home))
10 SYSTEMPATH\CodeIgniter.php(354): CodeIgniter\CodeIgniter->handleRequest(null, Object(Config\Cache), false)
11 SYSTEMPATH\Boot.php(363): CodeIgniter\CodeIgniter->run()
12 SYSTEMPATH\Boot.php(68): CodeIgniter\Boot::runCodeIgniter(Object(CodeIgniter\CodeIgniter))
13 FCPATH\index.php(59): CodeIgniter\Boot::bootWeb(Object(Config\Paths))
CRITICAL - 2025-12-19 09:57:30 --> MongoDB\Driver\Exception\InvalidArgumentException: Failed to parse URI options: Default authentication mechanism requires username
[Method: GET, Route: /]
in VENDORPATH\mongodb\mongodb\src\Client.php on line 143.
 1 VENDORPATH\mongodb\mongodb\src\Client.php(143): MongoDB\Driver\Manager->__construct('mongodb://localhost:27017/ikon_pos_db', [...], [...])
 2 VENDORPATH\bertugfahriozer\ci4mongodblibrary\app\Libraries\Mongo.php(27): MongoDB\Client->__construct('mongodb://localhost:27017/ikon_pos_db', [...], [...])
 3 APPPATH\Models\CommonModel.php(19): ci4mongodblibrary\Libraries\Mongo->__construct('default')
 4 SYSTEMPATH\Config\Factories.php(236): ci4mongodblibrary\Models\CommonModel->__construct(null)
 5 SYSTEMPATH\Config\Factories.php(170): CodeIgniter\Config\Factories::createInstance('models', 'ci4mongodblibrary\\Models\\CommonModel', [...])
 6 SYSTEMPATH\Common.php(833): CodeIgniter\Config\Factories::__callStatic('models', [...])
 7 APPPATH\Controllers\Home.php(9): model('CommonModel')
 8 SYSTEMPATH\CodeIgniter.php(933): App\Controllers\Home->index()
 9 SYSTEMPATH\CodeIgniter.php(507): CodeIgniter\CodeIgniter->runController(Object(App\Controllers\Home))
10 SYSTEMPATH\CodeIgniter.php(354): CodeIgniter\CodeIgniter->handleRequest(null, Object(Config\Cache), false)
11 SYSTEMPATH\Boot.php(363): CodeIgniter\CodeIgniter->run()
12 SYSTEMPATH\Boot.php(68): CodeIgniter\Boot::runCodeIgniter(Object(CodeIgniter\CodeIgniter))
13 FCPATH\index.php(59): CodeIgniter\Boot::bootWeb(Object(Config\Paths))
CRITICAL - 2025-12-19 09:57:51 --> MongoDB\Driver\Exception\InvalidArgumentException: Failed to parse URI options: Default authentication mechanism requires username
[Method: GET, Route: /]
in VENDORPATH\mongodb\mongodb\src\Client.php on line 143.
 1 VENDORPATH\mongodb\mongodb\src\Client.php(143): MongoDB\Driver\Manager->__construct('mongodb://localhost:27017/ikon_pos_db', [...], [...])
 2 VENDORPATH\bertugfahriozer\ci4mongodblibrary\app\Libraries\Mongo.php(27): MongoDB\Client->__construct('mongodb://localhost:27017/ikon_pos_db', [...], [...])
 3 APPPATH\Models\CommonModel.php(19): ci4mongodblibrary\Libraries\Mongo->__construct('default')
 4 SYSTEMPATH\Config\Factories.php(236): ci4mongodblibrary\Models\CommonModel->__construct(null)
 5 SYSTEMPATH\Config\Factories.php(170): CodeIgniter\Config\Factories::createInstance('models', 'ci4mongodblibrary\\Models\\CommonModel', [...])
 6 SYSTEMPATH\Common.php(833): CodeIgniter\Config\Factories::__callStatic('models', [...])
 7 APPPATH\Controllers\Home.php(9): model('CommonModel')
 8 SYSTEMPATH\CodeIgniter.php(933): App\Controllers\Home->index()
 9 SYSTEMPATH\CodeIgniter.php(507): CodeIgniter\CodeIgniter->runController(Object(App\Controllers\Home))
10 SYSTEMPATH\CodeIgniter.php(354): CodeIgniter\CodeIgniter->handleRequest(null, Object(Config\Cache), false)
11 SYSTEMPATH\Boot.php(363): CodeIgniter\CodeIgniter->run()
12 SYSTEMPATH\Boot.php(68): CodeIgniter\Boot::runCodeIgniter(Object(CodeIgniter\CodeIgniter))
13 FCPATH\index.php(59): CodeIgniter\Boot::bootWeb(Object(Config\Paths))
CRITICAL - 2025-12-19 10:00:04 --> ParseError: syntax error, unexpected token "catch", expecting "function" or "const"
[Method: GET, Route: /]
in APPPATH\Libraries\Mongo.php on line 67.
 1 SYSTEMPATH\Autoloader\Autoloader.php(295): CodeIgniter\Autoloader\Autoloader->includeFile('C:\\xampp8\\htdocs\\project\\app\\Libraries\\Mongo.php')
 2 SYSTEMPATH\Autoloader\Autoloader.php(271): CodeIgniter\Autoloader\Autoloader->loadInNamespace('App\\Libraries\\Mongo')
 3 APPPATH\Models\CommonModel.php(19): CodeIgniter\Autoloader\Autoloader->loadClass('App\\Libraries\\Mongo')
 4 SYSTEMPATH\Config\Factories.php(236): App\Models\CommonModel->__construct(null)
 5 SYSTEMPATH\Config\Factories.php(170): CodeIgniter\Config\Factories::createInstance('models', 'App\\Models\\CommonModel', [...])
 6 SYSTEMPATH\Common.php(833): CodeIgniter\Config\Factories::__callStatic('models', [...])
 7 APPPATH\Controllers\Home.php(9): model('CommonModel')
 8 SYSTEMPATH\CodeIgniter.php(933): App\Controllers\Home->index()
 9 SYSTEMPATH\CodeIgniter.php(507): CodeIgniter\CodeIgniter->runController(Object(App\Controllers\Home))
10 SYSTEMPATH\CodeIgniter.php(354): CodeIgniter\CodeIgniter->handleRequest(null, Object(Config\Cache), false)
11 SYSTEMPATH\Boot.php(363): CodeIgniter\CodeIgniter->run()
12 SYSTEMPATH\Boot.php(68): CodeIgniter\Boot::runCodeIgniter(Object(CodeIgniter\CodeIgniter))
13 FCPATH\index.php(59): CodeIgniter\Boot::bootWeb(Object(Config\Paths))
WARNING - 2025-12-19 10:00:56 --> [DEPRECATED] Creation of dynamic property Config\MongoConfig::$db is deprecated in APPPATH\Libraries\Mongo.php on line 69.
 1 APPPATH\Models\CommonModel.php(19): App\Libraries\Mongo->__construct('default')
 2 SYSTEMPATH\Config\Factories.php(236): App\Models\CommonModel->__construct(null)
 3 SYSTEMPATH\Config\Factories.php(170): CodeIgniter\Config\Factories::createInstance('models', 'App\\Models\\CommonModel', [...])
 4 SYSTEMPATH\Common.php(833): CodeIgniter\Config\Factories::__callStatic('models', [...])
 5 APPPATH\Controllers\Home.php(9): model('CommonModel')
 6 SYSTEMPATH\CodeIgniter.php(933): App\Controllers\Home->index()
 7 SYSTEMPATH\CodeIgniter.php(507): CodeIgniter\CodeIgniter->runController(Object(App\Controllers\Home))
 8 SYSTEMPATH\CodeIgniter.php(354): CodeIgniter\CodeIgniter->handleRequest(null, Object(Config\Cache), false)
 9 SYSTEMPATH\Boot.php(363): CodeIgniter\CodeIgniter->run()
10 SYSTEMPATH\Boot.php(68): CodeIgniter\Boot::runCodeIgniter(Object(CodeIgniter\CodeIgniter))
11 FCPATH\index.php(59): CodeIgniter\Boot::bootWeb(Object(Config\Paths))
WARNING - 2025-12-19 10:00:56 --> [DEPRECATED] Creation of dynamic property Config\MongoConfig::$prefix is deprecated in APPPATH\Libraries\Mongo.php on line 70.
 1 APPPATH\Models\CommonModel.php(19): App\Libraries\Mongo->__construct('default')
 2 SYSTEMPATH\Config\Factories.php(236): App\Models\CommonModel->__construct(null)
 3 SYSTEMPATH\Config\Factories.php(170): CodeIgniter\Config\Factories::createInstance('models', 'App\\Models\\CommonModel', [...])
 4 SYSTEMPATH\Common.php(833): CodeIgniter\Config\Factories::__callStatic('models', [...])
 5 APPPATH\Controllers\Home.php(9): model('CommonModel')
 6 SYSTEMPATH\CodeIgniter.php(933): App\Controllers\Home->index()
 7 SYSTEMPATH\CodeIgniter.php(507): CodeIgniter\CodeIgniter->runController(Object(App\Controllers\Home))
 8 SYSTEMPATH\CodeIgniter.php(354): CodeIgniter\CodeIgniter->handleRequest(null, Object(Config\Cache), false)
 9 SYSTEMPATH\Boot.php(363): CodeIgniter\CodeIgniter->run()
10 SYSTEMPATH\Boot.php(68): CodeIgniter\Boot::runCodeIgniter(Object(CodeIgniter\CodeIgniter))
11 FCPATH\index.php(59): CodeIgniter\Boot::bootWeb(Object(Config\Paths))
WARNING - 2025-12-19 10:01:11 --> [DEPRECATED] Creation of dynamic property Config\MongoConfig::$db is deprecated in APPPATH\Libraries\Mongo.php on line 69.
 1 APPPATH\Models\CommonModel.php(19): App\Libraries\Mongo->__construct('default')
 2 SYSTEMPATH\Config\Factories.php(236): App\Models\CommonModel->__construct(null)
 3 SYSTEMPATH\Config\Factories.php(170): CodeIgniter\Config\Factories::createInstance('models', 'App\\Models\\CommonModel', [...])
 4 SYSTEMPATH\Common.php(833): CodeIgniter\Config\Factories::__callStatic('models', [...])
 5 APPPATH\Controllers\Home.php(9): model('CommonModel')
 6 SYSTEMPATH\CodeIgniter.php(933): App\Controllers\Home->index()
 7 SYSTEMPATH\CodeIgniter.php(507): CodeIgniter\CodeIgniter->runController(Object(App\Controllers\Home))
 8 SYSTEMPATH\CodeIgniter.php(354): CodeIgniter\CodeIgniter->handleRequest(null, Object(Config\Cache), false)
 9 SYSTEMPATH\Boot.php(363): CodeIgniter\CodeIgniter->run()
10 SYSTEMPATH\Boot.php(68): CodeIgniter\Boot::runCodeIgniter(Object(CodeIgniter\CodeIgniter))
11 FCPATH\index.php(59): CodeIgniter\Boot::bootWeb(Object(Config\Paths))
WARNING - 2025-12-19 10:01:11 --> [DEPRECATED] Creation of dynamic property Config\MongoConfig::$prefix is deprecated in APPPATH\Libraries\Mongo.php on line 70.
 1 APPPATH\Models\CommonModel.php(19): App\Libraries\Mongo->__construct('default')
 2 SYSTEMPATH\Config\Factories.php(236): App\Models\CommonModel->__construct(null)
 3 SYSTEMPATH\Config\Factories.php(170): CodeIgniter\Config\Factories::createInstance('models', 'App\\Models\\CommonModel', [...])
 4 SYSTEMPATH\Common.php(833): CodeIgniter\Config\Factories::__callStatic('models', [...])
 5 APPPATH\Controllers\Home.php(9): model('CommonModel')
 6 SYSTEMPATH\CodeIgniter.php(933): App\Controllers\Home->index()
 7 SYSTEMPATH\CodeIgniter.php(507): CodeIgniter\CodeIgniter->runController(Object(App\Controllers\Home))
 8 SYSTEMPATH\CodeIgniter.php(354): CodeIgniter\CodeIgniter->handleRequest(null, Object(Config\Cache), false)
 9 SYSTEMPATH\Boot.php(363): CodeIgniter\CodeIgniter->run()
10 SYSTEMPATH\Boot.php(68): CodeIgniter\Boot::runCodeIgniter(Object(CodeIgniter\CodeIgniter))
11 FCPATH\index.php(59): CodeIgniter\Boot::bootWeb(Object(Config\Paths))
CRITICAL - 2025-12-19 10:01:11 --> ErrorException: Declaration of MongoDB\Model\BSONArray::bsonSerialize() must be compatible with MongoDB\BSON\Serializable::bsonSerialize(): stdClass|MongoDB\BSON\Document|MongoDB\BSON\PackedArray|array
[Method: GET, Route: /]
in VENDORPATH\mongodb\mongodb\src\Model\BSONArray.php on line 74.
 1 [internal function]: CodeIgniter\Debug\Exceptions->shutdownHandler()
WARNING - 2025-12-19 10:02:09 --> [DEPRECATED] Creation of dynamic property Config\MongoConfig::$db is deprecated in APPPATH\Libraries\Mongo.php on line 69.
 1 APPPATH\Models\CommonModel.php(19): App\Libraries\Mongo->__construct('default')
 2 SYSTEMPATH\Config\Factories.php(236): App\Models\CommonModel->__construct(null)
 3 SYSTEMPATH\Config\Factories.php(170): CodeIgniter\Config\Factories::createInstance('models', 'App\\Models\\CommonModel', [...])
 4 SYSTEMPATH\Common.php(833): CodeIgniter\Config\Factories::__callStatic('models', [...])
 5 APPPATH\Controllers\Home.php(9): model('CommonModel')
 6 SYSTEMPATH\CodeIgniter.php(933): App\Controllers\Home->index()
 7 SYSTEMPATH\CodeIgniter.php(507): CodeIgniter\CodeIgniter->runController(Object(App\Controllers\Home))
 8 SYSTEMPATH\CodeIgniter.php(354): CodeIgniter\CodeIgniter->handleRequest(null, Object(Config\Cache), false)
 9 SYSTEMPATH\Boot.php(363): CodeIgniter\CodeIgniter->run()
10 SYSTEMPATH\Boot.php(68): CodeIgniter\Boot::runCodeIgniter(Object(CodeIgniter\CodeIgniter))
11 FCPATH\index.php(59): CodeIgniter\Boot::bootWeb(Object(Config\Paths))
WARNING - 2025-12-19 10:02:09 --> [DEPRECATED] Creation of dynamic property Config\MongoConfig::$prefix is deprecated in APPPATH\Libraries\Mongo.php on line 70.
 1 APPPATH\Models\CommonModel.php(19): App\Libraries\Mongo->__construct('default')
 2 SYSTEMPATH\Config\Factories.php(236): App\Models\CommonModel->__construct(null)
 3 SYSTEMPATH\Config\Factories.php(170): CodeIgniter\Config\Factories::createInstance('models', 'App\\Models\\CommonModel', [...])
 4 SYSTEMPATH\Common.php(833): CodeIgniter\Config\Factories::__callStatic('models', [...])
 5 APPPATH\Controllers\Home.php(9): model('CommonModel')
 6 SYSTEMPATH\CodeIgniter.php(933): App\Controllers\Home->index()
 7 SYSTEMPATH\CodeIgniter.php(507): CodeIgniter\CodeIgniter->runController(Object(App\Controllers\Home))
 8 SYSTEMPATH\CodeIgniter.php(354): CodeIgniter\CodeIgniter->handleRequest(null, Object(Config\Cache), false)
 9 SYSTEMPATH\Boot.php(363): CodeIgniter\CodeIgniter->run()
10 SYSTEMPATH\Boot.php(68): CodeIgniter\Boot::runCodeIgniter(Object(CodeIgniter\CodeIgniter))
11 FCPATH\index.php(59): CodeIgniter\Boot::bootWeb(Object(Config\Paths))
CRITICAL - 2025-12-19 10:02:09 --> ErrorException: Declaration of MongoDB\Model\BSONArray::bsonSerialize() must be compatible with MongoDB\BSON\Serializable::bsonSerialize(): stdClass|MongoDB\BSON\Document|MongoDB\BSON\PackedArray|array
[Method: GET, Route: /]
in VENDORPATH\mongodb\mongodb\src\Model\BSONArray.php on line 74.
 1 [internal function]: CodeIgniter\Debug\Exceptions->shutdownHandler()
WARNING - 2025-12-19 10:02:51 --> [DEPRECATED] Creation of dynamic property Config\MongoConfig::$db is deprecated in APPPATH\Libraries\Mongo.php on line 69.
 1 APPPATH\Models\CommonModel.php(19): App\Libraries\Mongo->__construct('default')
 2 SYSTEMPATH\Config\Factories.php(236): App\Models\CommonModel->__construct(null)
 3 SYSTEMPATH\Config\Factories.php(170): CodeIgniter\Config\Factories::createInstance('models', 'App\\Models\\CommonModel', [...])
 4 SYSTEMPATH\Common.php(833): CodeIgniter\Config\Factories::__callStatic('models', [...])
 5 APPPATH\Controllers\Home.php(9): model('CommonModel')
 6 SYSTEMPATH\CodeIgniter.php(933): App\Controllers\Home->index()
 7 SYSTEMPATH\CodeIgniter.php(507): CodeIgniter\CodeIgniter->runController(Object(App\Controllers\Home))
 8 SYSTEMPATH\CodeIgniter.php(354): CodeIgniter\CodeIgniter->handleRequest(null, Object(Config\Cache), false)
 9 SYSTEMPATH\Boot.php(363): CodeIgniter\CodeIgniter->run()
10 SYSTEMPATH\Boot.php(68): CodeIgniter\Boot::runCodeIgniter(Object(CodeIgniter\CodeIgniter))
11 FCPATH\index.php(59): CodeIgniter\Boot::bootWeb(Object(Config\Paths))
WARNING - 2025-12-19 10:02:51 --> [DEPRECATED] Creation of dynamic property Config\MongoConfig::$prefix is deprecated in APPPATH\Libraries\Mongo.php on line 70.
 1 APPPATH\Models\CommonModel.php(19): App\Libraries\Mongo->__construct('default')
 2 SYSTEMPATH\Config\Factories.php(236): App\Models\CommonModel->__construct(null)
 3 SYSTEMPATH\Config\Factories.php(170): CodeIgniter\Config\Factories::createInstance('models', 'App\\Models\\CommonModel', [...])
 4 SYSTEMPATH\Common.php(833): CodeIgniter\Config\Factories::__callStatic('models', [...])
 5 APPPATH\Controllers\Home.php(9): model('CommonModel')
 6 SYSTEMPATH\CodeIgniter.php(933): App\Controllers\Home->index()
 7 SYSTEMPATH\CodeIgniter.php(507): CodeIgniter\CodeIgniter->runController(Object(App\Controllers\Home))
 8 SYSTEMPATH\CodeIgniter.php(354): CodeIgniter\CodeIgniter->handleRequest(null, Object(Config\Cache), false)
 9 SYSTEMPATH\Boot.php(363): CodeIgniter\CodeIgniter->run()
10 SYSTEMPATH\Boot.php(68): CodeIgniter\Boot::runCodeIgniter(Object(CodeIgniter\CodeIgniter))
11 FCPATH\index.php(59): CodeIgniter\Boot::bootWeb(Object(Config\Paths))
CRITICAL - 2025-12-19 10:02:51 --> ErrorException: Declaration of MongoDB\Model\BSONArray::bsonSerialize() must be compatible with MongoDB\BSON\Serializable::bsonSerialize(): stdClass|MongoDB\BSON\Document|MongoDB\BSON\PackedArray|array
[Method: GET, Route: /]
in VENDORPATH\mongodb\mongodb\src\Model\BSONArray.php on line 74.
 1 [internal function]: CodeIgniter\Debug\Exceptions->shutdownHandler()
