DEBUG - 2026-01-19 04:36:07 --> Session: Class initialized using 'CodeIgniter\Session\Handlers\FileHandler' driver.
DEBUG - 2026-01-19 04:36:17 --> Session: Class initialized using 'CodeIgniter\Session\Handlers\FileHandler' driver.
DEBUG - 2026-01-19 04:36:18 --> Session: Class initialized using 'CodeIgniter\Session\Handlers\FileHandler' driver.
WARNING - 2026-01-19 04:36:18 --> [DEPRECATED] Optional parameter $varCondition declared before required parameter $strValueField is implicitly treated as a required parameter in APPPATH\Models\MyMongoModel.php on line 536.
 1 SYSTEMPATH\Autoloader\Autoloader.php(315): include_once('C:\\xampp8\\htdocs\\ci4\\system\\Debug\\Exceptions.php')
 2 SYSTEMPATH\Autoloader\Autoloader.php(295): CodeIgniter\Autoloader\Autoloader->includeFile('C:\\xampp8\\htdocs\\ci4\\app\\Models\\MyMongoModel.php')
 3 SYSTEMPATH\Autoloader\Autoloader.php(271): CodeIgniter\Autoloader\Autoloader->loadInNamespace('App\\Models\\MyMongoModel')
 4 APPPATH\Models\MOutlet.php(7): CodeIgniter\Autoloader\Autoloader->loadClass('App\\Models\\MyMongoModel')
 5 SYSTEMPATH\Autoloader\Autoloader.php(315): include_once('C:\\xampp8\\htdocs\\ci4\\app\\Models\\MOutlet.php')
 6 SYSTEMPATH\Autoloader\Autoloader.php(295): CodeIgniter\Autoloader\Autoloader->includeFile('C:\\xampp8\\htdocs\\ci4\\app\\Models\\MOutlet.php')
 7 SYSTEMPATH\Autoloader\Autoloader.php(271): CodeIgniter\Autoloader\Autoloader->loadInNamespace('App\\Models\\MOutlet')
 8 APPPATH\Controllers\Home.php(59): CodeIgniter\Autoloader\Autoloader->loadClass('App\\Models\\MOutlet')
 9 APPPATH\Controllers\Home.php(41): App\Controllers\Home->createFormDashboard()
10 SYSTEMPATH\CodeIgniter.php(933): App\Controllers\Home->index()
11 SYSTEMPATH\CodeIgniter.php(507): CodeIgniter\CodeIgniter->runController(Object(App\Controllers\Home))
12 SYSTEMPATH\CodeIgniter.php(354): CodeIgniter\CodeIgniter->handleRequest(null, Object(Config\Cache), false)
13 SYSTEMPATH\Boot.php(363): CodeIgniter\CodeIgniter->run()
14 SYSTEMPATH\Boot.php(68): CodeIgniter\Boot::runCodeIgniter(Object(CodeIgniter\CodeIgniter))
15 FCPATH\index.php(59): CodeIgniter\Boot::bootWeb(Object(Config\Paths))
WARNING - 2026-01-19 04:36:18 --> [DEPRECATED] Optional parameter $varOrder declared before required parameter $strValueField is implicitly treated as a required parameter in APPPATH\Models\MyMongoModel.php on line 536.
 1 SYSTEMPATH\Autoloader\Autoloader.php(315): include_once('C:\\xampp8\\htdocs\\ci4\\system\\Debug\\Exceptions.php')
 2 SYSTEMPATH\Autoloader\Autoloader.php(295): CodeIgniter\Autoloader\Autoloader->includeFile('C:\\xampp8\\htdocs\\ci4\\app\\Models\\MyMongoModel.php')
 3 SYSTEMPATH\Autoloader\Autoloader.php(271): CodeIgniter\Autoloader\Autoloader->loadInNamespace('App\\Models\\MyMongoModel')
 4 APPPATH\Models\MOutlet.php(7): CodeIgniter\Autoloader\Autoloader->loadClass('App\\Models\\MyMongoModel')
 5 SYSTEMPATH\Autoloader\Autoloader.php(315): include_once('C:\\xampp8\\htdocs\\ci4\\app\\Models\\MOutlet.php')
 6 SYSTEMPATH\Autoloader\Autoloader.php(295): CodeIgniter\Autoloader\Autoloader->includeFile('C:\\xampp8\\htdocs\\ci4\\app\\Models\\MOutlet.php')
 7 SYSTEMPATH\Autoloader\Autoloader.php(271): CodeIgniter\Autoloader\Autoloader->loadInNamespace('App\\Models\\MOutlet')
 8 APPPATH\Controllers\Home.php(59): CodeIgniter\Autoloader\Autoloader->loadClass('App\\Models\\MOutlet')
 9 APPPATH\Controllers\Home.php(41): App\Controllers\Home->createFormDashboard()
10 SYSTEMPATH\CodeIgniter.php(933): App\Controllers\Home->index()
11 SYSTEMPATH\CodeIgniter.php(507): CodeIgniter\CodeIgniter->runController(Object(App\Controllers\Home))
12 SYSTEMPATH\CodeIgniter.php(354): CodeIgniter\CodeIgniter->handleRequest(null, Object(Config\Cache), false)
13 SYSTEMPATH\Boot.php(363): CodeIgniter\CodeIgniter->run()
14 SYSTEMPATH\Boot.php(68): CodeIgniter\Boot::runCodeIgniter(Object(CodeIgniter\CodeIgniter))
15 FCPATH\index.php(59): CodeIgniter\Boot::bootWeb(Object(Config\Paths))
WARNING - 2026-01-19 04:36:18 --> [DEPRECATED] Optional parameter $intLimit declared before required parameter $strValueField is implicitly treated as a required parameter in APPPATH\Models\MyMongoModel.php on line 536.
 1 SYSTEMPATH\Autoloader\Autoloader.php(315): include_once('C:\\xampp8\\htdocs\\ci4\\system\\Debug\\Exceptions.php')
 2 SYSTEMPATH\Autoloader\Autoloader.php(295): CodeIgniter\Autoloader\Autoloader->includeFile('C:\\xampp8\\htdocs\\ci4\\app\\Models\\MyMongoModel.php')
 3 SYSTEMPATH\Autoloader\Autoloader.php(271): CodeIgniter\Autoloader\Autoloader->loadInNamespace('App\\Models\\MyMongoModel')
 4 APPPATH\Models\MOutlet.php(7): CodeIgniter\Autoloader\Autoloader->loadClass('App\\Models\\MyMongoModel')
 5 SYSTEMPATH\Autoloader\Autoloader.php(315): include_once('C:\\xampp8\\htdocs\\ci4\\app\\Models\\MOutlet.php')
 6 SYSTEMPATH\Autoloader\Autoloader.php(295): CodeIgniter\Autoloader\Autoloader->includeFile('C:\\xampp8\\htdocs\\ci4\\app\\Models\\MOutlet.php')
 7 SYSTEMPATH\Autoloader\Autoloader.php(271): CodeIgniter\Autoloader\Autoloader->loadInNamespace('App\\Models\\MOutlet')
 8 APPPATH\Controllers\Home.php(59): CodeIgniter\Autoloader\Autoloader->loadClass('App\\Models\\MOutlet')
 9 APPPATH\Controllers\Home.php(41): App\Controllers\Home->createFormDashboard()
10 SYSTEMPATH\CodeIgniter.php(933): App\Controllers\Home->index()
11 SYSTEMPATH\CodeIgniter.php(507): CodeIgniter\CodeIgniter->runController(Object(App\Controllers\Home))
12 SYSTEMPATH\CodeIgniter.php(354): CodeIgniter\CodeIgniter->handleRequest(null, Object(Config\Cache), false)
13 SYSTEMPATH\Boot.php(363): CodeIgniter\CodeIgniter->run()
14 SYSTEMPATH\Boot.php(68): CodeIgniter\Boot::runCodeIgniter(Object(CodeIgniter\CodeIgniter))
15 FCPATH\index.php(59): CodeIgniter\Boot::bootWeb(Object(Config\Paths))
WARNING - 2026-01-19 04:36:18 --> [DEPRECATED] Optional parameter $varCondition declared before required parameter $strValueField is implicitly treated as a required parameter in APPPATH\Models\MyMongoModel.php on line 569.
 1 SYSTEMPATH\Autoloader\Autoloader.php(315): include_once('C:\\xampp8\\htdocs\\ci4\\system\\Debug\\Exceptions.php')
 2 SYSTEMPATH\Autoloader\Autoloader.php(295): CodeIgniter\Autoloader\Autoloader->includeFile('C:\\xampp8\\htdocs\\ci4\\app\\Models\\MyMongoModel.php')
 3 SYSTEMPATH\Autoloader\Autoloader.php(271): CodeIgniter\Autoloader\Autoloader->loadInNamespace('App\\Models\\MyMongoModel')
 4 APPPATH\Models\MOutlet.php(7): CodeIgniter\Autoloader\Autoloader->loadClass('App\\Models\\MyMongoModel')
 5 SYSTEMPATH\Autoloader\Autoloader.php(315): include_once('C:\\xampp8\\htdocs\\ci4\\app\\Models\\MOutlet.php')
 6 SYSTEMPATH\Autoloader\Autoloader.php(295): CodeIgniter\Autoloader\Autoloader->includeFile('C:\\xampp8\\htdocs\\ci4\\app\\Models\\MOutlet.php')
 7 SYSTEMPATH\Autoloader\Autoloader.php(271): CodeIgniter\Autoloader\Autoloader->loadInNamespace('App\\Models\\MOutlet')
 8 APPPATH\Controllers\Home.php(59): CodeIgniter\Autoloader\Autoloader->loadClass('App\\Models\\MOutlet')
 9 APPPATH\Controllers\Home.php(41): App\Controllers\Home->createFormDashboard()
10 SYSTEMPATH\CodeIgniter.php(933): App\Controllers\Home->index()
11 SYSTEMPATH\CodeIgniter.php(507): CodeIgniter\CodeIgniter->runController(Object(App\Controllers\Home))
12 SYSTEMPATH\CodeIgniter.php(354): CodeIgniter\CodeIgniter->handleRequest(null, Object(Config\Cache), false)
13 SYSTEMPATH\Boot.php(363): CodeIgniter\CodeIgniter->run()
14 SYSTEMPATH\Boot.php(68): CodeIgniter\Boot::runCodeIgniter(Object(CodeIgniter\CodeIgniter))
15 FCPATH\index.php(59): CodeIgniter\Boot::bootWeb(Object(Config\Paths))
WARNING - 2026-01-19 04:36:18 --> [DEPRECATED] Optional parameter $varOrder declared before required parameter $strValueField is implicitly treated as a required parameter in APPPATH\Models\MyMongoModel.php on line 569.
 1 SYSTEMPATH\Autoloader\Autoloader.php(315): include_once('C:\\xampp8\\htdocs\\ci4\\system\\Debug\\Exceptions.php')
 2 SYSTEMPATH\Autoloader\Autoloader.php(295): CodeIgniter\Autoloader\Autoloader->includeFile('C:\\xampp8\\htdocs\\ci4\\app\\Models\\MyMongoModel.php')
 3 SYSTEMPATH\Autoloader\Autoloader.php(271): CodeIgniter\Autoloader\Autoloader->loadInNamespace('App\\Models\\MyMongoModel')
 4 APPPATH\Models\MOutlet.php(7): CodeIgniter\Autoloader\Autoloader->loadClass('App\\Models\\MyMongoModel')
 5 SYSTEMPATH\Autoloader\Autoloader.php(315): include_once('C:\\xampp8\\htdocs\\ci4\\app\\Models\\MOutlet.php')
 6 SYSTEMPATH\Autoloader\Autoloader.php(295): CodeIgniter\Autoloader\Autoloader->includeFile('C:\\xampp8\\htdocs\\ci4\\app\\Models\\MOutlet.php')
 7 SYSTEMPATH\Autoloader\Autoloader.php(271): CodeIgniter\Autoloader\Autoloader->loadInNamespace('App\\Models\\MOutlet')
 8 APPPATH\Controllers\Home.php(59): CodeIgniter\Autoloader\Autoloader->loadClass('App\\Models\\MOutlet')
 9 APPPATH\Controllers\Home.php(41): App\Controllers\Home->createFormDashboard()
10 SYSTEMPATH\CodeIgniter.php(933): App\Controllers\Home->index()
11 SYSTEMPATH\CodeIgniter.php(507): CodeIgniter\CodeIgniter->runController(Object(App\Controllers\Home))
12 SYSTEMPATH\CodeIgniter.php(354): CodeIgniter\CodeIgniter->handleRequest(null, Object(Config\Cache), false)
13 SYSTEMPATH\Boot.php(363): CodeIgniter\CodeIgniter->run()
14 SYSTEMPATH\Boot.php(68): CodeIgniter\Boot::runCodeIgniter(Object(CodeIgniter\CodeIgniter))
15 FCPATH\index.php(59): CodeIgniter\Boot::bootWeb(Object(Config\Paths))
WARNING - 2026-01-19 04:36:18 --> [DEPRECATED] Optional parameter $intLimit declared before required parameter $strValueField is implicitly treated as a required parameter in APPPATH\Models\MyMongoModel.php on line 569.
 1 SYSTEMPATH\Autoloader\Autoloader.php(315): include_once('C:\\xampp8\\htdocs\\ci4\\system\\Debug\\Exceptions.php')
 2 SYSTEMPATH\Autoloader\Autoloader.php(295): CodeIgniter\Autoloader\Autoloader->includeFile('C:\\xampp8\\htdocs\\ci4\\app\\Models\\MyMongoModel.php')
 3 SYSTEMPATH\Autoloader\Autoloader.php(271): CodeIgniter\Autoloader\Autoloader->loadInNamespace('App\\Models\\MyMongoModel')
 4 APPPATH\Models\MOutlet.php(7): CodeIgniter\Autoloader\Autoloader->loadClass('App\\Models\\MyMongoModel')
 5 SYSTEMPATH\Autoloader\Autoloader.php(315): include_once('C:\\xampp8\\htdocs\\ci4\\app\\Models\\MOutlet.php')
 6 SYSTEMPATH\Autoloader\Autoloader.php(295): CodeIgniter\Autoloader\Autoloader->includeFile('C:\\xampp8\\htdocs\\ci4\\app\\Models\\MOutlet.php')
 7 SYSTEMPATH\Autoloader\Autoloader.php(271): CodeIgniter\Autoloader\Autoloader->loadInNamespace('App\\Models\\MOutlet')
 8 APPPATH\Controllers\Home.php(59): CodeIgniter\Autoloader\Autoloader->loadClass('App\\Models\\MOutlet')
 9 APPPATH\Controllers\Home.php(41): App\Controllers\Home->createFormDashboard()
10 SYSTEMPATH\CodeIgniter.php(933): App\Controllers\Home->index()
11 SYSTEMPATH\CodeIgniter.php(507): CodeIgniter\CodeIgniter->runController(Object(App\Controllers\Home))
12 SYSTEMPATH\CodeIgniter.php(354): CodeIgniter\CodeIgniter->handleRequest(null, Object(Config\Cache), false)
13 SYSTEMPATH\Boot.php(363): CodeIgniter\CodeIgniter->run()
14 SYSTEMPATH\Boot.php(68): CodeIgniter\Boot::runCodeIgniter(Object(CodeIgniter\CodeIgniter))
15 FCPATH\index.php(59): CodeIgniter\Boot::bootWeb(Object(Config\Paths))
WARNING - 2026-01-19 04:36:18 --> [DEPRECATED] Creation of dynamic property Config\MongoConfig::$db is deprecated in APPPATH\Libraries\Mongo.php on line 69.
 1 APPPATH\Models\MyMongoModel.php(20): App\Libraries\Mongo->__construct('default')
 2 APPPATH\Models\MOutlet.php(36): App\Models\MyMongoModel->__construct('m_outlet', 'outlet_id')
 3 APPPATH\Controllers\Home.php(59): App\Models\MOutlet->__construct()
 4 APPPATH\Controllers\Home.php(41): App\Controllers\Home->createFormDashboard()
 5 SYSTEMPATH\CodeIgniter.php(933): App\Controllers\Home->index()
 6 SYSTEMPATH\CodeIgniter.php(507): CodeIgniter\CodeIgniter->runController(Object(App\Controllers\Home))
 7 SYSTEMPATH\CodeIgniter.php(354): CodeIgniter\CodeIgniter->handleRequest(null, Object(Config\Cache), false)
 8 SYSTEMPATH\Boot.php(363): CodeIgniter\CodeIgniter->run()
 9 SYSTEMPATH\Boot.php(68): CodeIgniter\Boot::runCodeIgniter(Object(CodeIgniter\CodeIgniter))
10 FCPATH\index.php(59): CodeIgniter\Boot::bootWeb(Object(Config\Paths))
WARNING - 2026-01-19 04:36:18 --> [DEPRECATED] Creation of dynamic property Config\MongoConfig::$prefix is deprecated in APPPATH\Libraries\Mongo.php on line 70.
 1 APPPATH\Models\MyMongoModel.php(20): App\Libraries\Mongo->__construct('default')
 2 APPPATH\Models\MOutlet.php(36): App\Models\MyMongoModel->__construct('m_outlet', 'outlet_id')
 3 APPPATH\Controllers\Home.php(59): App\Models\MOutlet->__construct()
 4 APPPATH\Controllers\Home.php(41): App\Controllers\Home->createFormDashboard()
 5 SYSTEMPATH\CodeIgniter.php(933): App\Controllers\Home->index()
 6 SYSTEMPATH\CodeIgniter.php(507): CodeIgniter\CodeIgniter->runController(Object(App\Controllers\Home))
 7 SYSTEMPATH\CodeIgniter.php(354): CodeIgniter\CodeIgniter->handleRequest(null, Object(Config\Cache), false)
 8 SYSTEMPATH\Boot.php(363): CodeIgniter\CodeIgniter->run()
 9 SYSTEMPATH\Boot.php(68): CodeIgniter\Boot::runCodeIgniter(Object(CodeIgniter\CodeIgniter))
10 FCPATH\index.php(59): CodeIgniter\Boot::bootWeb(Object(Config\Paths))
DEBUG - 2026-01-19 04:36:19 --> Session: Class initialized using 'CodeIgniter\Session\Handlers\FileHandler' driver.
WARNING - 2026-01-19 04:36:19 --> [DEPRECATED] Optional parameter $varCondition declared before required parameter $strValueField is implicitly treated as a required parameter in APPPATH\Models\MyMongoModel.php on line 536.
 1 SYSTEMPATH\Autoloader\Autoloader.php(315): include_once('C:\\xampp8\\htdocs\\ci4\\system\\Debug\\Exceptions.php')
 2 SYSTEMPATH\Autoloader\Autoloader.php(295): CodeIgniter\Autoloader\Autoloader->includeFile('C:\\xampp8\\htdocs\\ci4\\app\\Models\\MyMongoModel.php')
 3 SYSTEMPATH\Autoloader\Autoloader.php(271): CodeIgniter\Autoloader\Autoloader->loadInNamespace('App\\Models\\MyMongoModel')
 4 APPPATH\Models\MSales.php(7): CodeIgniter\Autoloader\Autoloader->loadClass('App\\Models\\MyMongoModel')
 5 SYSTEMPATH\Autoloader\Autoloader.php(315): include_once('C:\\xampp8\\htdocs\\ci4\\app\\Models\\MSales.php')
 6 SYSTEMPATH\Autoloader\Autoloader.php(295): CodeIgniter\Autoloader\Autoloader->includeFile('C:\\xampp8\\htdocs\\ci4\\app\\Models\\MSales.php')
 7 SYSTEMPATH\Autoloader\Autoloader.php(271): CodeIgniter\Autoloader\Autoloader->loadInNamespace('App\\Models\\MSales')
 8 APPPATH\Controllers\Home.php(166): CodeIgniter\Autoloader\Autoloader->loadClass('App\\Models\\MSales')
 9 SYSTEMPATH\CodeIgniter.php(933): App\Controllers\Home->datatable()
10 SYSTEMPATH\CodeIgniter.php(507): CodeIgniter\CodeIgniter->runController(Object(App\Controllers\Home))
11 SYSTEMPATH\CodeIgniter.php(354): CodeIgniter\CodeIgniter->handleRequest(null, Object(Config\Cache), false)
12 SYSTEMPATH\Boot.php(363): CodeIgniter\CodeIgniter->run()
13 SYSTEMPATH\Boot.php(68): CodeIgniter\Boot::runCodeIgniter(Object(CodeIgniter\CodeIgniter))
14 FCPATH\index.php(59): CodeIgniter\Boot::bootWeb(Object(Config\Paths))
WARNING - 2026-01-19 04:36:19 --> [DEPRECATED] Optional parameter $varOrder declared before required parameter $strValueField is implicitly treated as a required parameter in APPPATH\Models\MyMongoModel.php on line 536.
 1 SYSTEMPATH\Autoloader\Autoloader.php(315): include_once('C:\\xampp8\\htdocs\\ci4\\system\\Debug\\Exceptions.php')
 2 SYSTEMPATH\Autoloader\Autoloader.php(295): CodeIgniter\Autoloader\Autoloader->includeFile('C:\\xampp8\\htdocs\\ci4\\app\\Models\\MyMongoModel.php')
 3 SYSTEMPATH\Autoloader\Autoloader.php(271): CodeIgniter\Autoloader\Autoloader->loadInNamespace('App\\Models\\MyMongoModel')
 4 APPPATH\Models\MSales.php(7): CodeIgniter\Autoloader\Autoloader->loadClass('App\\Models\\MyMongoModel')
 5 SYSTEMPATH\Autoloader\Autoloader.php(315): include_once('C:\\xampp8\\htdocs\\ci4\\app\\Models\\MSales.php')
 6 SYSTEMPATH\Autoloader\Autoloader.php(295): CodeIgniter\Autoloader\Autoloader->includeFile('C:\\xampp8\\htdocs\\ci4\\app\\Models\\MSales.php')
 7 SYSTEMPATH\Autoloader\Autoloader.php(271): CodeIgniter\Autoloader\Autoloader->loadInNamespace('App\\Models\\MSales')
 8 APPPATH\Controllers\Home.php(166): CodeIgniter\Autoloader\Autoloader->loadClass('App\\Models\\MSales')
 9 SYSTEMPATH\CodeIgniter.php(933): App\Controllers\Home->datatable()
10 SYSTEMPATH\CodeIgniter.php(507): CodeIgniter\CodeIgniter->runController(Object(App\Controllers\Home))
11 SYSTEMPATH\CodeIgniter.php(354): CodeIgniter\CodeIgniter->handleRequest(null, Object(Config\Cache), false)
12 SYSTEMPATH\Boot.php(363): CodeIgniter\CodeIgniter->run()
13 SYSTEMPATH\Boot.php(68): CodeIgniter\Boot::runCodeIgniter(Object(CodeIgniter\CodeIgniter))
14 FCPATH\index.php(59): CodeIgniter\Boot::bootWeb(Object(Config\Paths))
WARNING - 2026-01-19 04:36:19 --> [DEPRECATED] Optional parameter $intLimit declared before required parameter $strValueField is implicitly treated as a required parameter in APPPATH\Models\MyMongoModel.php on line 536.
 1 SYSTEMPATH\Autoloader\Autoloader.php(315): include_once('C:\\xampp8\\htdocs\\ci4\\system\\Debug\\Exceptions.php')
 2 SYSTEMPATH\Autoloader\Autoloader.php(295): CodeIgniter\Autoloader\Autoloader->includeFile('C:\\xampp8\\htdocs\\ci4\\app\\Models\\MyMongoModel.php')
 3 SYSTEMPATH\Autoloader\Autoloader.php(271): CodeIgniter\Autoloader\Autoloader->loadInNamespace('App\\Models\\MyMongoModel')
 4 APPPATH\Models\MSales.php(7): CodeIgniter\Autoloader\Autoloader->loadClass('App\\Models\\MyMongoModel')
 5 SYSTEMPATH\Autoloader\Autoloader.php(315): include_once('C:\\xampp8\\htdocs\\ci4\\app\\Models\\MSales.php')
 6 SYSTEMPATH\Autoloader\Autoloader.php(295): CodeIgniter\Autoloader\Autoloader->includeFile('C:\\xampp8\\htdocs\\ci4\\app\\Models\\MSales.php')
 7 SYSTEMPATH\Autoloader\Autoloader.php(271): CodeIgniter\Autoloader\Autoloader->loadInNamespace('App\\Models\\MSales')
 8 APPPATH\Controllers\Home.php(166): CodeIgniter\Autoloader\Autoloader->loadClass('App\\Models\\MSales')
 9 SYSTEMPATH\CodeIgniter.php(933): App\Controllers\Home->datatable()
10 SYSTEMPATH\CodeIgniter.php(507): CodeIgniter\CodeIgniter->runController(Object(App\Controllers\Home))
11 SYSTEMPATH\CodeIgniter.php(354): CodeIgniter\CodeIgniter->handleRequest(null, Object(Config\Cache), false)
12 SYSTEMPATH\Boot.php(363): CodeIgniter\CodeIgniter->run()
13 SYSTEMPATH\Boot.php(68): CodeIgniter\Boot::runCodeIgniter(Object(CodeIgniter\CodeIgniter))
14 FCPATH\index.php(59): CodeIgniter\Boot::bootWeb(Object(Config\Paths))
WARNING - 2026-01-19 04:36:19 --> [DEPRECATED] Optional parameter $varCondition declared before required parameter $strValueField is implicitly treated as a required parameter in APPPATH\Models\MyMongoModel.php on line 569.
 1 SYSTEMPATH\Autoloader\Autoloader.php(315): include_once('C:\\xampp8\\htdocs\\ci4\\system\\Debug\\Exceptions.php')
 2 SYSTEMPATH\Autoloader\Autoloader.php(295): CodeIgniter\Autoloader\Autoloader->includeFile('C:\\xampp8\\htdocs\\ci4\\app\\Models\\MyMongoModel.php')
 3 SYSTEMPATH\Autoloader\Autoloader.php(271): CodeIgniter\Autoloader\Autoloader->loadInNamespace('App\\Models\\MyMongoModel')
 4 APPPATH\Models\MSales.php(7): CodeIgniter\Autoloader\Autoloader->loadClass('App\\Models\\MyMongoModel')
 5 SYSTEMPATH\Autoloader\Autoloader.php(315): include_once('C:\\xampp8\\htdocs\\ci4\\app\\Models\\MSales.php')
 6 SYSTEMPATH\Autoloader\Autoloader.php(295): CodeIgniter\Autoloader\Autoloader->includeFile('C:\\xampp8\\htdocs\\ci4\\app\\Models\\MSales.php')
 7 SYSTEMPATH\Autoloader\Autoloader.php(271): CodeIgniter\Autoloader\Autoloader->loadInNamespace('App\\Models\\MSales')
 8 APPPATH\Controllers\Home.php(166): CodeIgniter\Autoloader\Autoloader->loadClass('App\\Models\\MSales')
 9 SYSTEMPATH\CodeIgniter.php(933): App\Controllers\Home->datatable()
10 SYSTEMPATH\CodeIgniter.php(507): CodeIgniter\CodeIgniter->runController(Object(App\Controllers\Home))
11 SYSTEMPATH\CodeIgniter.php(354): CodeIgniter\CodeIgniter->handleRequest(null, Object(Config\Cache), false)
12 SYSTEMPATH\Boot.php(363): CodeIgniter\CodeIgniter->run()
13 SYSTEMPATH\Boot.php(68): CodeIgniter\Boot::runCodeIgniter(Object(CodeIgniter\CodeIgniter))
14 FCPATH\index.php(59): CodeIgniter\Boot::bootWeb(Object(Config\Paths))
WARNING - 2026-01-19 04:36:19 --> [DEPRECATED] Optional parameter $varOrder declared before required parameter $strValueField is implicitly treated as a required parameter in APPPATH\Models\MyMongoModel.php on line 569.
 1 SYSTEMPATH\Autoloader\Autoloader.php(315): include_once('C:\\xampp8\\htdocs\\ci4\\system\\Debug\\Exceptions.php')
 2 SYSTEMPATH\Autoloader\Autoloader.php(295): CodeIgniter\Autoloader\Autoloader->includeFile('C:\\xampp8\\htdocs\\ci4\\app\\Models\\MyMongoModel.php')
 3 SYSTEMPATH\Autoloader\Autoloader.php(271): CodeIgniter\Autoloader\Autoloader->loadInNamespace('App\\Models\\MyMongoModel')
 4 APPPATH\Models\MSales.php(7): CodeIgniter\Autoloader\Autoloader->loadClass('App\\Models\\MyMongoModel')
 5 SYSTEMPATH\Autoloader\Autoloader.php(315): include_once('C:\\xampp8\\htdocs\\ci4\\app\\Models\\MSales.php')
 6 SYSTEMPATH\Autoloader\Autoloader.php(295): CodeIgniter\Autoloader\Autoloader->includeFile('C:\\xampp8\\htdocs\\ci4\\app\\Models\\MSales.php')
 7 SYSTEMPATH\Autoloader\Autoloader.php(271): CodeIgniter\Autoloader\Autoloader->loadInNamespace('App\\Models\\MSales')
 8 APPPATH\Controllers\Home.php(166): CodeIgniter\Autoloader\Autoloader->loadClass('App\\Models\\MSales')
 9 SYSTEMPATH\CodeIgniter.php(933): App\Controllers\Home->datatable()
10 SYSTEMPATH\CodeIgniter.php(507): CodeIgniter\CodeIgniter->runController(Object(App\Controllers\Home))
11 SYSTEMPATH\CodeIgniter.php(354): CodeIgniter\CodeIgniter->handleRequest(null, Object(Config\Cache), false)
12 SYSTEMPATH\Boot.php(363): CodeIgniter\CodeIgniter->run()
13 SYSTEMPATH\Boot.php(68): CodeIgniter\Boot::runCodeIgniter(Object(CodeIgniter\CodeIgniter))
14 FCPATH\index.php(59): CodeIgniter\Boot::bootWeb(Object(Config\Paths))
WARNING - 2026-01-19 04:36:19 --> [DEPRECATED] Optional parameter $intLimit declared before required parameter $strValueField is implicitly treated as a required parameter in APPPATH\Models\MyMongoModel.php on line 569.
 1 SYSTEMPATH\Autoloader\Autoloader.php(315): include_once('C:\\xampp8\\htdocs\\ci4\\system\\Debug\\Exceptions.php')
 2 SYSTEMPATH\Autoloader\Autoloader.php(295): CodeIgniter\Autoloader\Autoloader->includeFile('C:\\xampp8\\htdocs\\ci4\\app\\Models\\MyMongoModel.php')
 3 SYSTEMPATH\Autoloader\Autoloader.php(271): CodeIgniter\Autoloader\Autoloader->loadInNamespace('App\\Models\\MyMongoModel')
 4 APPPATH\Models\MSales.php(7): CodeIgniter\Autoloader\Autoloader->loadClass('App\\Models\\MyMongoModel')
 5 SYSTEMPATH\Autoloader\Autoloader.php(315): include_once('C:\\xampp8\\htdocs\\ci4\\app\\Models\\MSales.php')
 6 SYSTEMPATH\Autoloader\Autoloader.php(295): CodeIgniter\Autoloader\Autoloader->includeFile('C:\\xampp8\\htdocs\\ci4\\app\\Models\\MSales.php')
 7 SYSTEMPATH\Autoloader\Autoloader.php(271): CodeIgniter\Autoloader\Autoloader->loadInNamespace('App\\Models\\MSales')
 8 APPPATH\Controllers\Home.php(166): CodeIgniter\Autoloader\Autoloader->loadClass('App\\Models\\MSales')
 9 SYSTEMPATH\CodeIgniter.php(933): App\Controllers\Home->datatable()
10 SYSTEMPATH\CodeIgniter.php(507): CodeIgniter\CodeIgniter->runController(Object(App\Controllers\Home))
11 SYSTEMPATH\CodeIgniter.php(354): CodeIgniter\CodeIgniter->handleRequest(null, Object(Config\Cache), false)
12 SYSTEMPATH\Boot.php(363): CodeIgniter\CodeIgniter->run()
13 SYSTEMPATH\Boot.php(68): CodeIgniter\Boot::runCodeIgniter(Object(CodeIgniter\CodeIgniter))
14 FCPATH\index.php(59): CodeIgniter\Boot::bootWeb(Object(Config\Paths))
WARNING - 2026-01-19 04:36:19 --> [DEPRECATED] Creation of dynamic property Config\MongoConfig::$db is deprecated in APPPATH\Libraries\Mongo.php on line 69.
 1 APPPATH\Models\MyMongoModel.php(20): App\Libraries\Mongo->__construct('default')
 2 APPPATH\Models\MSales.php(72): App\Models\MyMongoModel->__construct('m_sales', 'sales_id')
 3 APPPATH\Controllers\Home.php(166): App\Models\MSales->__construct()
 4 SYSTEMPATH\CodeIgniter.php(933): App\Controllers\Home->datatable()
 5 SYSTEMPATH\CodeIgniter.php(507): CodeIgniter\CodeIgniter->runController(Object(App\Controllers\Home))
 6 SYSTEMPATH\CodeIgniter.php(354): CodeIgniter\CodeIgniter->handleRequest(null, Object(Config\Cache), false)
 7 SYSTEMPATH\Boot.php(363): CodeIgniter\CodeIgniter->run()
 8 SYSTEMPATH\Boot.php(68): CodeIgniter\Boot::runCodeIgniter(Object(CodeIgniter\CodeIgniter))
 9 FCPATH\index.php(59): CodeIgniter\Boot::bootWeb(Object(Config\Paths))
WARNING - 2026-01-19 04:36:19 --> [DEPRECATED] Creation of dynamic property Config\MongoConfig::$prefix is deprecated in APPPATH\Libraries\Mongo.php on line 70.
 1 APPPATH\Models\MyMongoModel.php(20): App\Libraries\Mongo->__construct('default')
 2 APPPATH\Models\MSales.php(72): App\Models\MyMongoModel->__construct('m_sales', 'sales_id')
 3 APPPATH\Controllers\Home.php(166): App\Models\MSales->__construct()
 4 SYSTEMPATH\CodeIgniter.php(933): App\Controllers\Home->datatable()
 5 SYSTEMPATH\CodeIgniter.php(507): CodeIgniter\CodeIgniter->runController(Object(App\Controllers\Home))
 6 SYSTEMPATH\CodeIgniter.php(354): CodeIgniter\CodeIgniter->handleRequest(null, Object(Config\Cache), false)
 7 SYSTEMPATH\Boot.php(363): CodeIgniter\CodeIgniter->run()
 8 SYSTEMPATH\Boot.php(68): CodeIgniter\Boot::runCodeIgniter(Object(CodeIgniter\CodeIgniter))
 9 FCPATH\index.php(59): CodeIgniter\Boot::bootWeb(Object(Config\Paths))
