WARNING - 2025-12-21 04:48:21 --> [DEPRECATED] Creation of dynamic property Config\MongoConfig::$db is deprecated in APPPATH\Libraries\Mongo.php on line 69.
 1 APPPATH\Models\CommonModel.php(19): App\Libraries\Mongo->__construct('default')
 2 SYSTEMPATH\Config\Factories.php(236): App\Models\CommonModel->__construct(null)
 3 SYSTEMPATH\Config\Factories.php(170): CodeIgniter\Config\Factories::createInstance('models', 'App\\Models\\CommonModel', [...])
 4 SYSTEMPATH\Common.php(833): CodeIgniter\Config\Factories::__callStatic('models', [...])
 5 APPPATH\Controllers\Home.php(9): model('CommonModel')
 6 SYSTEMPATH\CodeIgniter.php(933): App\Controllers\Home->index()
 7 SYSTEMPATH\CodeIgniter.php(507): CodeIgniter\CodeIgniter->runController(Object(App\Controllers\Home))
 8 SYSTEMPATH\CodeIgniter.php(354): CodeIgniter\CodeIgniter->handleRequest(null, Object(Config\Cache), false)
 9 SYSTEMPATH\Boot.php(363): CodeIgniter\CodeIgniter->run()
10 SYSTEMPATH\Boot.php(68): CodeIgniter\Boot::runCodeIgniter(Object(CodeIgniter\CodeIgniter))
11 FCPATH\index.php(59): CodeIgniter\Boot::bootWeb(Object(Config\Paths))
WARNING - 2025-12-21 04:48:21 --> [DEPRECATED] Creation of dynamic property Config\MongoConfig::$prefix is deprecated in APPPATH\Libraries\Mongo.php on line 70.
 1 APPPATH\Models\CommonModel.php(19): App\Libraries\Mongo->__construct('default')
 2 SYSTEMPATH\Config\Factories.php(236): App\Models\CommonModel->__construct(null)
 3 SYSTEMPATH\Config\Factories.php(170): CodeIgniter\Config\Factories::createInstance('models', 'App\\Models\\CommonModel', [...])
 4 SYSTEMPATH\Common.php(833): CodeIgniter\Config\Factories::__callStatic('models', [...])
 5 APPPATH\Controllers\Home.php(9): model('CommonModel')
 6 SYSTEMPATH\CodeIgniter.php(933): App\Controllers\Home->index()
 7 SYSTEMPATH\CodeIgniter.php(507): CodeIgniter\CodeIgniter->runController(Object(App\Controllers\Home))
 8 SYSTEMPATH\CodeIgniter.php(354): CodeIgniter\CodeIgniter->handleRequest(null, Object(Config\Cache), false)
 9 SYSTEMPATH\Boot.php(363): CodeIgniter\CodeIgniter->run()
10 SYSTEMPATH\Boot.php(68): CodeIgniter\Boot::runCodeIgniter(Object(CodeIgniter\CodeIgniter))
11 FCPATH\index.php(59): CodeIgniter\Boot::bootWeb(Object(Config\Paths))
CRITICAL - 2025-12-21 04:48:22 --> ErrorException: Declaration of MongoDB\Model\BSONArray::bsonSerialize() must be compatible with MongoDB\BSON\Serializable::bsonSerialize(): stdClass|MongoDB\BSON\Document|MongoDB\BSON\PackedArray|array
[Method: GET, Route: /]
in VENDORPATH\mongodb\mongodb\src\Model\BSONArray.php on line 74.
 1 [internal function]: CodeIgniter\Debug\Exceptions->shutdownHandler()
WARNING - 2025-12-21 07:20:38 --> [DEPRECATED] Creation of dynamic property Config\MongoConfig::$db is deprecated in APPPATH\Libraries\Mongo.php on line 69.
 1 APPPATH\Models\CommonModel.php(19): App\Libraries\Mongo->__construct('default')
 2 SYSTEMPATH\Config\Factories.php(236): App\Models\CommonModel->__construct(null)
 3 SYSTEMPATH\Config\Factories.php(170): CodeIgniter\Config\Factories::createInstance('models', 'App\\Models\\CommonModel', [...])
 4 SYSTEMPATH\Common.php(833): CodeIgniter\Config\Factories::__callStatic('models', [...])
 5 APPPATH\Controllers\Home.php(9): model('CommonModel')
 6 SYSTEMPATH\CodeIgniter.php(933): App\Controllers\Home->index()
 7 SYSTEMPATH\CodeIgniter.php(507): CodeIgniter\CodeIgniter->runController(Object(App\Controllers\Home))
 8 SYSTEMPATH\CodeIgniter.php(354): CodeIgniter\CodeIgniter->handleRequest(null, Object(Config\Cache), false)
 9 SYSTEMPATH\Boot.php(363): CodeIgniter\CodeIgniter->run()
10 SYSTEMPATH\Boot.php(68): CodeIgniter\Boot::runCodeIgniter(Object(CodeIgniter\CodeIgniter))
11 FCPATH\index.php(59): CodeIgniter\Boot::bootWeb(Object(Config\Paths))
WARNING - 2025-12-21 07:20:38 --> [DEPRECATED] Creation of dynamic property Config\MongoConfig::$prefix is deprecated in APPPATH\Libraries\Mongo.php on line 70.
 1 APPPATH\Models\CommonModel.php(19): App\Libraries\Mongo->__construct('default')
 2 SYSTEMPATH\Config\Factories.php(236): App\Models\CommonModel->__construct(null)
 3 SYSTEMPATH\Config\Factories.php(170): CodeIgniter\Config\Factories::createInstance('models', 'App\\Models\\CommonModel', [...])
 4 SYSTEMPATH\Common.php(833): CodeIgniter\Config\Factories::__callStatic('models', [...])
 5 APPPATH\Controllers\Home.php(9): model('CommonModel')
 6 SYSTEMPATH\CodeIgniter.php(933): App\Controllers\Home->index()
 7 SYSTEMPATH\CodeIgniter.php(507): CodeIgniter\CodeIgniter->runController(Object(App\Controllers\Home))
 8 SYSTEMPATH\CodeIgniter.php(354): CodeIgniter\CodeIgniter->handleRequest(null, Object(Config\Cache), false)
 9 SYSTEMPATH\Boot.php(363): CodeIgniter\CodeIgniter->run()
10 SYSTEMPATH\Boot.php(68): CodeIgniter\Boot::runCodeIgniter(Object(CodeIgniter\CodeIgniter))
11 FCPATH\index.php(59): CodeIgniter\Boot::bootWeb(Object(Config\Paths))
CRITICAL - 2025-12-21 07:20:39 --> ErrorException: Declaration of MongoDB\Model\BSONArray::bsonSerialize() must be compatible with MongoDB\BSON\Serializable::bsonSerialize(): stdClass|MongoDB\BSON\Document|MongoDB\BSON\PackedArray|array
[Method: GET, Route: /]
in VENDORPATH\mongodb\mongodb\src\Model\BSONArray.php on line 74.
 1 [internal function]: CodeIgniter\Debug\Exceptions->shutdownHandler()
WARNING - 2025-12-21 08:03:39 --> [DEPRECATED] Creation of dynamic property Config\MongoConfig::$db is deprecated in APPPATH\Libraries\Mongo.php on line 69.
 1 APPPATH\Models\CommonModel.php(19): App\Libraries\Mongo->__construct('default')
 2 SYSTEMPATH\Config\Factories.php(236): App\Models\CommonModel->__construct(null)
 3 SYSTEMPATH\Config\Factories.php(170): CodeIgniter\Config\Factories::createInstance('models', 'App\\Models\\CommonModel', [...])
 4 SYSTEMPATH\Common.php(833): CodeIgniter\Config\Factories::__callStatic('models', [...])
 5 APPPATH\Controllers\Home.php(9): model('CommonModel')
 6 SYSTEMPATH\CodeIgniter.php(933): App\Controllers\Home->index()
 7 SYSTEMPATH\CodeIgniter.php(507): CodeIgniter\CodeIgniter->runController(Object(App\Controllers\Home))
 8 SYSTEMPATH\CodeIgniter.php(354): CodeIgniter\CodeIgniter->handleRequest(null, Object(Config\Cache), false)
 9 SYSTEMPATH\Boot.php(363): CodeIgniter\CodeIgniter->run()
10 SYSTEMPATH\Boot.php(68): CodeIgniter\Boot::runCodeIgniter(Object(CodeIgniter\CodeIgniter))
11 FCPATH\index.php(59): CodeIgniter\Boot::bootWeb(Object(Config\Paths))
WARNING - 2025-12-21 08:03:39 --> [DEPRECATED] Creation of dynamic property Config\MongoConfig::$prefix is deprecated in APPPATH\Libraries\Mongo.php on line 70.
 1 APPPATH\Models\CommonModel.php(19): App\Libraries\Mongo->__construct('default')
 2 SYSTEMPATH\Config\Factories.php(236): App\Models\CommonModel->__construct(null)
 3 SYSTEMPATH\Config\Factories.php(170): CodeIgniter\Config\Factories::createInstance('models', 'App\\Models\\CommonModel', [...])
 4 SYSTEMPATH\Common.php(833): CodeIgniter\Config\Factories::__callStatic('models', [...])
 5 APPPATH\Controllers\Home.php(9): model('CommonModel')
 6 SYSTEMPATH\CodeIgniter.php(933): App\Controllers\Home->index()
 7 SYSTEMPATH\CodeIgniter.php(507): CodeIgniter\CodeIgniter->runController(Object(App\Controllers\Home))
 8 SYSTEMPATH\CodeIgniter.php(354): CodeIgniter\CodeIgniter->handleRequest(null, Object(Config\Cache), false)
 9 SYSTEMPATH\Boot.php(363): CodeIgniter\CodeIgniter->run()
10 SYSTEMPATH\Boot.php(68): CodeIgniter\Boot::runCodeIgniter(Object(CodeIgniter\CodeIgniter))
11 FCPATH\index.php(59): CodeIgniter\Boot::bootWeb(Object(Config\Paths))
